#
# There is insufficient memory for the Java Runtime Environment to continue.
# Native memory allocation (malloc) failed to allocate 32744 bytes. Error detail: Chunk::new
# Possible reasons:
#   The system is out of physical RAM or swap space
#   This process is running with CompressedOops enabled, and the Java Heap may be blocking the growth of the native heap
# Possible solutions:
#   Reduce memory load on the system
#   Increase physical memory or swap space
#   Check if swap backing store is full
#   Decrease Java heap size (-Xmx/-Xms)
#   Decrease number of Java threads
#   Decrease Java thread stack sizes (-Xss)
#   Set larger code cache with -XX:ReservedCodeCacheSize=
#   JVM is running with Unscaled Compressed Oops mode in which the Java heap is
#     placed in the first 4GB address space. The Java Heap base address is the
#     maximum limit for the native heap growth. Please use -XX:HeapBaseMinAddress
#     to set the Java Heap base and to place the Java Heap above 4GB virtual address.
# This output file may be truncated or incomplete.
#
#  Out of Memory Error (arena.cpp:168), pid=13904, tid=888
#
# JRE version: OpenJDK Runtime Environment JBR-21.0.6+8-631.39-jcef (21.0.6+8) (build 21.0.6+8-b631.39)
# Java VM: OpenJDK 64-Bit Server VM JBR-21.0.6+8-631.39-jcef (21.0.6+8-b631.39, mixed mode, sharing, tiered, compressed oops, compressed class ptrs, g1 gc, windows-amd64)
# No core dump will be written. Minidumps are not enabled by default on client versions of Windows
#

---------------  S U M M A R Y ------------

Command Line: -Djava.rmi.server.hostname=127.0.0.1 -Duser.timezone=UTC -Xmx2048m -Xms128m -Djdbc.classpath=C:\Users\Asus\AppData\Local\Temp\RemoteDriver7.classpath.txt --add-exports=java.desktop/sun.awt=ALL-UNNAMED --add-exports=java.desktop/java.awt.peer=ALL-UNNAMED --add-opens=java.desktop/java.awt=ALL-UNNAMED --add-opens=jdk.unsupported/sun.misc=ALL-UNNAMED --add-opens=java.base/java.nio=ALL-UNNAMED --add-opens=java.base/java.util=ALL-UNNAMED -Dfile.encoding=UTF-8 -Dsun.stdout.encoding=UTF-8 -Dsun.stderr.encoding=UTF-8 com.intellij.database.remote.RemoteJdbcServer org.postgresql.Driver

Host: Intel(R) Pentium(R) CPU 4417U @ 2.30GHz, 4 cores, 11G,  Windows 10 , 64 bit Build 19041 (10.0.19041.5678)
Time: Thu Apr 24 15:13:30 2025 RTZ 2 (s 10 , 64 bit Build 19041 (10.0.19041.5678) elapsed time: 534.434515 seconds (0d 0h 8m 54s)

---------------  T H R E A D  ---------------

Current thread (0x000001b9fc010470):  JavaThread "C1 CompilerThread0" daemon [_thread_in_native, id=888, stack(0x00000005a1c00000,0x00000005a1d00000) (1024K)]


Current CompileTask:
C1:534434 2225       3       java.io.ObjectInputStream$FilterValues::<init> (33 bytes)

Stack: [0x00000005a1c00000,0x00000005a1d00000]
Native frames: (J=compiled Java code, j=interpreted, Vv=VM code, C=native code)
V  [jvm.dll+0x6e5d39]
V  [jvm.dll+0x8c4133]
V  [jvm.dll+0x8c668e]
V  [jvm.dll+0x8c6d73]
V  [jvm.dll+0x288f76]
V  [jvm.dll+0xc66dd]
V  [jvm.dll+0xc6c13]
V  [jvm.dll+0x28abc0]
V  [jvm.dll+0x157252]
V  [jvm.dll+0x1566df]
V  [jvm.dll+0x158501]
V  [jvm.dll+0x25f60c]
V  [jvm.dll+0x25db56]
V  [jvm.dll+0x3ff756]
V  [jvm.dll+0x86bd48]
V  [jvm.dll+0x6e453d]
C  [ucrtbase.dll+0x21bb2]
C  [KERNEL32.DLL+0x17374]
C  [ntdll.dll+0x4cc91]


---------------  P R O C E S S  ---------------

Threads class SMR info:
_java_thread_list=0x000001b9fc71f670, length=20, elements={
0x000001b9ef1afd10, 0x000001b9f7e21c10, 0x000001b9f7e25780, 0x000001b9f7e271e0,
0x000001b9f7e27c30, 0x000001b9f7e28680, 0x000001b9f7e290d0, 0x000001b9f7e2be60,
0x000001b9fc010470, 0x000001b9fc0f3e10, 0x000001b9fc0f9ab0, 0x000001b9fc5182e0,
0x000001b9fc40ecb0, 0x000001b9fc41b810, 0x000001b9fc41ce80, 0x000001b9fc64e0b0,
0x000001b9fc6b7080, 0x000001b9fc630350, 0x000001b9fc6af020, 0x000001b9fc6b0a60
}

Java Threads: ( => current thread )
  0x000001b9ef1afd10 JavaThread "main"                              [_thread_blocked, id=10056, stack(0x00000005a0d00000,0x00000005a0e00000) (1024K)]
  0x000001b9f7e21c10 JavaThread "Reference Handler"          daemon [_thread_blocked, id=2180, stack(0x00000005a1500000,0x00000005a1600000) (1024K)]
  0x000001b9f7e25780 JavaThread "Finalizer"                  daemon [_thread_blocked, id=10284, stack(0x00000005a1600000,0x00000005a1700000) (1024K)]
  0x000001b9f7e271e0 JavaThread "Signal Dispatcher"          daemon [_thread_blocked, id=10800, stack(0x00000005a1700000,0x00000005a1800000) (1024K)]
  0x000001b9f7e27c30 JavaThread "Attach Listener"            daemon [_thread_blocked, id=7916, stack(0x00000005a1800000,0x00000005a1900000) (1024K)]
  0x000001b9f7e28680 JavaThread "Service Thread"             daemon [_thread_blocked, id=14020, stack(0x00000005a1900000,0x00000005a1a00000) (1024K)]
  0x000001b9f7e290d0 JavaThread "Monitor Deflation Thread"   daemon [_thread_blocked, id=6256, stack(0x00000005a1a00000,0x00000005a1b00000) (1024K)]
  0x000001b9f7e2be60 JavaThread "C2 CompilerThread0"         daemon [_thread_blocked, id=12916, stack(0x00000005a1b00000,0x00000005a1c00000) (1024K)]
=>0x000001b9fc010470 JavaThread "C1 CompilerThread0"         daemon [_thread_in_native, id=888, stack(0x00000005a1c00000,0x00000005a1d00000) (1024K)]
  0x000001b9fc0f3e10 JavaThread "Common-Cleaner"             daemon [_thread_blocked, id=13336, stack(0x00000005a1d00000,0x00000005a1e00000) (1024K)]
  0x000001b9fc0f9ab0 JavaThread "Notification Thread"        daemon [_thread_blocked, id=14168, stack(0x00000005a1e00000,0x00000005a1f00000) (1024K)]
  0x000001b9fc5182e0 JavaThread "RMI TCP Accept-16411"       daemon [_thread_in_native, id=6284, stack(0x00000005a2200000,0x00000005a2300000) (1024K)]
  0x000001b9fc40ecb0 JavaThread "RMI TCP Accept-0"           daemon [_thread_in_native, id=13368, stack(0x00000005a2300000,0x00000005a2400000) (1024K)]
  0x000001b9fc41b810 JavaThread "RMI Reaper"                        [_thread_blocked, id=10712, stack(0x00000005a2400000,0x00000005a2500000) (1024K)]
  0x000001b9fc41ce80 JavaThread "RMI GC Daemon"              daemon [_thread_blocked, id=12880, stack(0x00000005a2500000,0x00000005a2600000) (1024K)]
  0x000001b9fc64e0b0 JavaThread "RMI TCP Connection(2)-127.0.0.1" daemon [_thread_in_native, id=10812, stack(0x00000005a2700000,0x00000005a2800000) (1024K)]
  0x000001b9fc6b7080 JavaThread "RMI Scheduler(0)"           daemon [_thread_blocked, id=7012, stack(0x00000005a2800000,0x00000005a2900000) (1024K)]
  0x000001b9fc630350 JavaThread "RMI TCP Connection(3)-127.0.0.1" daemon [_thread_in_native, id=5136, stack(0x00000005a2900000,0x00000005a2a00000) (1024K)]
  0x000001b9fc6af020 JavaThread "RMI RenewClean-[127.0.0.1:50804]" daemon [_thread_blocked, id=13728, stack(0x00000005a2b00000,0x00000005a2c00000) (1024K)]
  0x000001b9fc6b0a60 JavaThread "PostgreSQL-JDBC-Cleaner"    daemon [_thread_blocked, id=13704, stack(0x00000005a2e00000,0x00000005a2f00000) (1024K)]
Total: 20

Other Threads:
  0x000001b9f7e02fb0 VMThread "VM Thread"                           [id=1652, stack(0x00000005a1400000,0x00000005a1500000) (1024K)]
  0x000001b9f7df30f0 WatcherThread "VM Periodic Task Thread"        [id=10348, stack(0x00000005a1300000,0x00000005a1400000) (1024K)]
  0x000001b9ef207250 WorkerThread "GC Thread#0"                     [id=12820, stack(0x00000005a0e00000,0x00000005a0f00000) (1024K)]
  0x000001b9fc2f8870 WorkerThread "GC Thread#1"                     [id=14208, stack(0x00000005a1f00000,0x00000005a2000000) (1024K)]
  0x000001b9fc2f8c10 WorkerThread "GC Thread#2"                     [id=3092, stack(0x00000005a2000000,0x00000005a2100000) (1024K)]
  0x000001b9fc529df0 WorkerThread "GC Thread#3"                     [id=11464, stack(0x00000005a2100000,0x00000005a2200000) (1024K)]
  0x000001b9ef218140 ConcurrentGCThread "G1 Main Marker"            [id=2416, stack(0x00000005a0f00000,0x00000005a1000000) (1024K)]
  0x000001b9ef218d00 WorkerThread "G1 Conc#0"                       [id=5728, stack(0x00000005a1000000,0x00000005a1100000) (1024K)]
  0x000001b9ef27e7e0 ConcurrentGCThread "G1 Refine#0"               [id=10384, stack(0x00000005a1100000,0x00000005a1200000) (1024K)]
  0x000001b9f7cb74e0 ConcurrentGCThread "G1 Service"                [id=13520, stack(0x00000005a1200000,0x00000005a1300000) (1024K)]
Total: 10

Threads with active compile tasks:
C1 CompilerThread0  534489 2225       3       java.io.ObjectInputStream$FilterValues::<init> (33 bytes)
Total: 1

VM state: not at safepoint (normal execution)

VM Mutex/Monitor currently owned by a thread: None

Heap address: 0x0000000080000000, size: 2048 MB, Compressed Oops mode: 32-bit

CDS archive(s) mapped at: [0x000001b98f000000-0x000001b98fd00000-0x000001b98fd00000), size 13631488, SharedBaseAddress: 0x000001b98f000000, ArchiveRelocationMode: 1.
Compressed class space mapped at: 0x000001b990000000-0x000001b9d0000000, reserved size: 1073741824
Narrow klass base: 0x000001b98f000000, Narrow klass shift: 0, Narrow klass range: 0x100000000

GC Precious Log:
 CardTable entry size: 512
 Card Set container configuration: InlinePtr #cards 5 size 8 Array Of Cards #cards 12 size 40 Howl #buckets 4 coarsen threshold 1843 Howl Bitmap #cards 512 size 80 coarsen threshold 460 Card regions per heap region 1 cards per card region 2048
 CPUs: 4 total, 4 available
 Memory: 12171M
 Large Page Support: Disabled
 NUMA Support: Disabled
 Compressed Oops: Enabled (32-bit)
 Heap Region Size: 1M
 Heap Min Capacity: 128M
 Heap Initial Capacity: 128M
 Heap Max Capacity: 2G
 Pre-touch: Disabled
 Parallel Workers: 4
 Concurrent Workers: 1
 Concurrent Refinement Workers: 4
 Periodic GC: Disabled

Heap:
 garbage-first heap   total 131072K, used 19877K [0x0000000080000000, 0x0000000100000000)
  region size 1024K, 12 young (12288K), 2 survivors (2048K)
 Metaspace       used 12400K, committed 12864K, reserved 1114112K
  class space    used 1426K, committed 1664K, reserved 1048576K

Heap Regions: E=young(eden), S=young(survivor), O=old, HS=humongous(starts), HC=humongous(continues), CS=collection set, F=free, TAMS=top-at-mark-start, PB=parsable bottom
|   0|0x0000000080000000, 0x0000000080100000, 0x0000000080100000|100%|HS|  |TAMS 0x0000000080000000| PB 0x0000000080000000| Complete 
|   1|0x0000000080100000, 0x0000000080200000, 0x0000000080200000|100%|HC|  |TAMS 0x0000000080100000| PB 0x0000000080100000| Complete 
|   2|0x0000000080200000, 0x0000000080300000, 0x0000000080300000|100%|HS|  |TAMS 0x0000000080200000| PB 0x0000000080200000| Complete 
|   3|0x0000000080300000, 0x0000000080400000, 0x0000000080400000|100%|HS|  |TAMS 0x0000000080300000| PB 0x0000000080300000| Complete 
|   4|0x0000000080400000, 0x0000000080500000, 0x0000000080500000|100%| O|  |TAMS 0x0000000080400000| PB 0x0000000080400000| Untracked 
|   5|0x0000000080500000, 0x0000000080600000, 0x0000000080600000|100%| O|  |TAMS 0x0000000080500000| PB 0x0000000080500000| Untracked 
|   6|0x0000000080600000, 0x0000000080700000, 0x0000000080700000|100%| O|  |TAMS 0x0000000080600000| PB 0x0000000080600000| Untracked 
|   7|0x0000000080700000, 0x0000000080800000, 0x0000000080800000|100%| O|  |TAMS 0x0000000080700000| PB 0x0000000080700000| Untracked 
|   8|0x0000000080800000, 0x0000000080869578, 0x0000000080900000| 41%| O|  |TAMS 0x0000000080800000| PB 0x0000000080800000| Untracked 
|   9|0x0000000080900000, 0x0000000080900000, 0x0000000080a00000|  0%| F|  |TAMS 0x0000000080900000| PB 0x0000000080900000| Untracked 
|  10|0x0000000080a00000, 0x0000000080a00000, 0x0000000080b00000|  0%| F|  |TAMS 0x0000000080a00000| PB 0x0000000080a00000| Untracked 
|  11|0x0000000080b00000, 0x0000000080b00000, 0x0000000080c00000|  0%| F|  |TAMS 0x0000000080b00000| PB 0x0000000080b00000| Untracked 
|  12|0x0000000080c00000, 0x0000000080c00000, 0x0000000080d00000|  0%| F|  |TAMS 0x0000000080c00000| PB 0x0000000080c00000| Untracked 
|  13|0x0000000080d00000, 0x0000000080d00000, 0x0000000080e00000|  0%| F|  |TAMS 0x0000000080d00000| PB 0x0000000080d00000| Untracked 
|  14|0x0000000080e00000, 0x0000000080e00000, 0x0000000080f00000|  0%| F|  |TAMS 0x0000000080e00000| PB 0x0000000080e00000| Untracked 
|  15|0x0000000080f00000, 0x0000000080f00000, 0x0000000081000000|  0%| F|  |TAMS 0x0000000080f00000| PB 0x0000000080f00000| Untracked 
|  16|0x0000000081000000, 0x0000000081000000, 0x0000000081100000|  0%| F|  |TAMS 0x0000000081000000| PB 0x0000000081000000| Untracked 
|  17|0x0000000081100000, 0x0000000081100000, 0x0000000081200000|  0%| F|  |TAMS 0x0000000081100000| PB 0x0000000081100000| Untracked 
|  18|0x0000000081200000, 0x0000000081200000, 0x0000000081300000|  0%| F|  |TAMS 0x0000000081200000| PB 0x0000000081200000| Untracked 
|  19|0x0000000081300000, 0x0000000081300000, 0x0000000081400000|  0%| F|  |TAMS 0x0000000081300000| PB 0x0000000081300000| Untracked 
|  20|0x0000000081400000, 0x0000000081400000, 0x0000000081500000|  0%| F|  |TAMS 0x0000000081400000| PB 0x0000000081400000| Untracked 
|  21|0x0000000081500000, 0x0000000081500000, 0x0000000081600000|  0%| F|  |TAMS 0x0000000081500000| PB 0x0000000081500000| Untracked 
|  22|0x0000000081600000, 0x0000000081600000, 0x0000000081700000|  0%| F|  |TAMS 0x0000000081600000| PB 0x0000000081600000| Untracked 
|  23|0x0000000081700000, 0x0000000081700000, 0x0000000081800000|  0%| F|  |TAMS 0x0000000081700000| PB 0x0000000081700000| Untracked 
|  24|0x0000000081800000, 0x0000000081800000, 0x0000000081900000|  0%| F|  |TAMS 0x0000000081800000| PB 0x0000000081800000| Untracked 
|  25|0x0000000081900000, 0x0000000081900000, 0x0000000081a00000|  0%| F|  |TAMS 0x0000000081900000| PB 0x0000000081900000| Untracked 
|  26|0x0000000081a00000, 0x0000000081a00000, 0x0000000081b00000|  0%| F|  |TAMS 0x0000000081a00000| PB 0x0000000081a00000| Untracked 
|  27|0x0000000081b00000, 0x0000000081b00000, 0x0000000081c00000|  0%| F|  |TAMS 0x0000000081b00000| PB 0x0000000081b00000| Untracked 
|  28|0x0000000081c00000, 0x0000000081c00000, 0x0000000081d00000|  0%| F|  |TAMS 0x0000000081c00000| PB 0x0000000081c00000| Untracked 
|  29|0x0000000081d00000, 0x0000000081d00000, 0x0000000081e00000|  0%| F|  |TAMS 0x0000000081d00000| PB 0x0000000081d00000| Untracked 
|  30|0x0000000081e00000, 0x0000000081e00000, 0x0000000081f00000|  0%| F|  |TAMS 0x0000000081e00000| PB 0x0000000081e00000| Untracked 
|  31|0x0000000081f00000, 0x0000000081f00000, 0x0000000082000000|  0%| F|  |TAMS 0x0000000081f00000| PB 0x0000000081f00000| Untracked 
|  32|0x0000000082000000, 0x0000000082000000, 0x0000000082100000|  0%| F|  |TAMS 0x0000000082000000| PB 0x0000000082000000| Untracked 
|  33|0x0000000082100000, 0x0000000082100000, 0x0000000082200000|  0%| F|  |TAMS 0x0000000082100000| PB 0x0000000082100000| Untracked 
|  34|0x0000000082200000, 0x0000000082200000, 0x0000000082300000|  0%| F|  |TAMS 0x0000000082200000| PB 0x0000000082200000| Untracked 
|  35|0x0000000082300000, 0x0000000082300000, 0x0000000082400000|  0%| F|  |TAMS 0x0000000082300000| PB 0x0000000082300000| Untracked 
|  36|0x0000000082400000, 0x0000000082400000, 0x0000000082500000|  0%| F|  |TAMS 0x0000000082400000| PB 0x0000000082400000| Untracked 
|  37|0x0000000082500000, 0x0000000082500000, 0x0000000082600000|  0%| F|  |TAMS 0x0000000082500000| PB 0x0000000082500000| Untracked 
|  38|0x0000000082600000, 0x0000000082600000, 0x0000000082700000|  0%| F|  |TAMS 0x0000000082600000| PB 0x0000000082600000| Untracked 
|  39|0x0000000082700000, 0x0000000082700000, 0x0000000082800000|  0%| F|  |TAMS 0x0000000082700000| PB 0x0000000082700000| Untracked 
|  40|0x0000000082800000, 0x0000000082800000, 0x0000000082900000|  0%| F|  |TAMS 0x0000000082800000| PB 0x0000000082800000| Untracked 
|  41|0x0000000082900000, 0x0000000082900000, 0x0000000082a00000|  0%| F|  |TAMS 0x0000000082900000| PB 0x0000000082900000| Untracked 
|  42|0x0000000082a00000, 0x0000000082a00000, 0x0000000082b00000|  0%| F|  |TAMS 0x0000000082a00000| PB 0x0000000082a00000| Untracked 
|  43|0x0000000082b00000, 0x0000000082b00000, 0x0000000082c00000|  0%| F|  |TAMS 0x0000000082b00000| PB 0x0000000082b00000| Untracked 
|  44|0x0000000082c00000, 0x0000000082c00000, 0x0000000082d00000|  0%| F|  |TAMS 0x0000000082c00000| PB 0x0000000082c00000| Untracked 
|  45|0x0000000082d00000, 0x0000000082d00000, 0x0000000082e00000|  0%| F|  |TAMS 0x0000000082d00000| PB 0x0000000082d00000| Untracked 
|  46|0x0000000082e00000, 0x0000000082e00000, 0x0000000082f00000|  0%| F|  |TAMS 0x0000000082e00000| PB 0x0000000082e00000| Untracked 
|  47|0x0000000082f00000, 0x0000000082f00000, 0x0000000083000000|  0%| F|  |TAMS 0x0000000082f00000| PB 0x0000000082f00000| Untracked 
|  48|0x0000000083000000, 0x0000000083000000, 0x0000000083100000|  0%| F|  |TAMS 0x0000000083000000| PB 0x0000000083000000| Untracked 
|  49|0x0000000083100000, 0x0000000083100000, 0x0000000083200000|  0%| F|  |TAMS 0x0000000083100000| PB 0x0000000083100000| Untracked 
|  50|0x0000000083200000, 0x0000000083200000, 0x0000000083300000|  0%| F|  |TAMS 0x0000000083200000| PB 0x0000000083200000| Untracked 
|  51|0x0000000083300000, 0x0000000083300000, 0x0000000083400000|  0%| F|  |TAMS 0x0000000083300000| PB 0x0000000083300000| Untracked 
|  52|0x0000000083400000, 0x0000000083400000, 0x0000000083500000|  0%| F|  |TAMS 0x0000000083400000| PB 0x0000000083400000| Untracked 
|  53|0x0000000083500000, 0x0000000083500000, 0x0000000083600000|  0%| F|  |TAMS 0x0000000083500000| PB 0x0000000083500000| Untracked 
|  54|0x0000000083600000, 0x0000000083600000, 0x0000000083700000|  0%| F|  |TAMS 0x0000000083600000| PB 0x0000000083600000| Untracked 
|  55|0x0000000083700000, 0x0000000083700000, 0x0000000083800000|  0%| F|  |TAMS 0x0000000083700000| PB 0x0000000083700000| Untracked 
|  56|0x0000000083800000, 0x0000000083800000, 0x0000000083900000|  0%| F|  |TAMS 0x0000000083800000| PB 0x0000000083800000| Untracked 
|  57|0x0000000083900000, 0x0000000083900000, 0x0000000083a00000|  0%| F|  |TAMS 0x0000000083900000| PB 0x0000000083900000| Untracked 
|  58|0x0000000083a00000, 0x0000000083a00000, 0x0000000083b00000|  0%| F|  |TAMS 0x0000000083a00000| PB 0x0000000083a00000| Untracked 
|  59|0x0000000083b00000, 0x0000000083b00000, 0x0000000083c00000|  0%| F|  |TAMS 0x0000000083b00000| PB 0x0000000083b00000| Untracked 
|  60|0x0000000083c00000, 0x0000000083c00000, 0x0000000083d00000|  0%| F|  |TAMS 0x0000000083c00000| PB 0x0000000083c00000| Untracked 
|  61|0x0000000083d00000, 0x0000000083d00000, 0x0000000083e00000|  0%| F|  |TAMS 0x0000000083d00000| PB 0x0000000083d00000| Untracked 
|  62|0x0000000083e00000, 0x0000000083e00000, 0x0000000083f00000|  0%| F|  |TAMS 0x0000000083e00000| PB 0x0000000083e00000| Untracked 
|  63|0x0000000083f00000, 0x0000000083f00000, 0x0000000084000000|  0%| F|  |TAMS 0x0000000083f00000| PB 0x0000000083f00000| Untracked 
|  64|0x0000000084000000, 0x0000000084000000, 0x0000000084100000|  0%| F|  |TAMS 0x0000000084000000| PB 0x0000000084000000| Untracked 
|  65|0x0000000084100000, 0x0000000084100000, 0x0000000084200000|  0%| F|  |TAMS 0x0000000084100000| PB 0x0000000084100000| Untracked 
|  66|0x0000000084200000, 0x0000000084200000, 0x0000000084300000|  0%| F|  |TAMS 0x0000000084200000| PB 0x0000000084200000| Untracked 
|  67|0x0000000084300000, 0x0000000084300000, 0x0000000084400000|  0%| F|  |TAMS 0x0000000084300000| PB 0x0000000084300000| Untracked 
|  68|0x0000000084400000, 0x0000000084400000, 0x0000000084500000|  0%| F|  |TAMS 0x0000000084400000| PB 0x0000000084400000| Untracked 
|  69|0x0000000084500000, 0x0000000084500000, 0x0000000084600000|  0%| F|  |TAMS 0x0000000084500000| PB 0x0000000084500000| Untracked 
|  70|0x0000000084600000, 0x0000000084600000, 0x0000000084700000|  0%| F|  |TAMS 0x0000000084600000| PB 0x0000000084600000| Untracked 
|  71|0x0000000084700000, 0x0000000084700000, 0x0000000084800000|  0%| F|  |TAMS 0x0000000084700000| PB 0x0000000084700000| Untracked 
|  72|0x0000000084800000, 0x0000000084800000, 0x0000000084900000|  0%| F|  |TAMS 0x0000000084800000| PB 0x0000000084800000| Untracked 
|  73|0x0000000084900000, 0x0000000084900000, 0x0000000084a00000|  0%| F|  |TAMS 0x0000000084900000| PB 0x0000000084900000| Untracked 
|  74|0x0000000084a00000, 0x0000000084a00000, 0x0000000084b00000|  0%| F|  |TAMS 0x0000000084a00000| PB 0x0000000084a00000| Untracked 
|  75|0x0000000084b00000, 0x0000000084b00000, 0x0000000084c00000|  0%| F|  |TAMS 0x0000000084b00000| PB 0x0000000084b00000| Untracked 
|  76|0x0000000084c00000, 0x0000000084c00000, 0x0000000084d00000|  0%| F|  |TAMS 0x0000000084c00000| PB 0x0000000084c00000| Untracked 
|  77|0x0000000084d00000, 0x0000000084d00000, 0x0000000084e00000|  0%| F|  |TAMS 0x0000000084d00000| PB 0x0000000084d00000| Untracked 
|  78|0x0000000084e00000, 0x0000000084e00000, 0x0000000084f00000|  0%| F|  |TAMS 0x0000000084e00000| PB 0x0000000084e00000| Untracked 
|  79|0x0000000084f00000, 0x0000000084f00000, 0x0000000085000000|  0%| F|  |TAMS 0x0000000084f00000| PB 0x0000000084f00000| Untracked 
|  80|0x0000000085000000, 0x0000000085000000, 0x0000000085100000|  0%| F|  |TAMS 0x0000000085000000| PB 0x0000000085000000| Untracked 
|  81|0x0000000085100000, 0x0000000085100000, 0x0000000085200000|  0%| F|  |TAMS 0x0000000085100000| PB 0x0000000085100000| Untracked 
|  82|0x0000000085200000, 0x0000000085200000, 0x0000000085300000|  0%| F|  |TAMS 0x0000000085200000| PB 0x0000000085200000| Untracked 
|  83|0x0000000085300000, 0x0000000085300000, 0x0000000085400000|  0%| F|  |TAMS 0x0000000085300000| PB 0x0000000085300000| Untracked 
|  84|0x0000000085400000, 0x0000000085400000, 0x0000000085500000|  0%| F|  |TAMS 0x0000000085400000| PB 0x0000000085400000| Untracked 
|  85|0x0000000085500000, 0x0000000085500000, 0x0000000085600000|  0%| F|  |TAMS 0x0000000085500000| PB 0x0000000085500000| Untracked 
|  86|0x0000000085600000, 0x0000000085600000, 0x0000000085700000|  0%| F|  |TAMS 0x0000000085600000| PB 0x0000000085600000| Untracked 
|  87|0x0000000085700000, 0x0000000085700000, 0x0000000085800000|  0%| F|  |TAMS 0x0000000085700000| PB 0x0000000085700000| Untracked 
|  88|0x0000000085800000, 0x0000000085800000, 0x0000000085900000|  0%| F|  |TAMS 0x0000000085800000| PB 0x0000000085800000| Untracked 
|  89|0x0000000085900000, 0x0000000085900000, 0x0000000085a00000|  0%| F|  |TAMS 0x0000000085900000| PB 0x0000000085900000| Untracked 
|  90|0x0000000085a00000, 0x0000000085a00000, 0x0000000085b00000|  0%| F|  |TAMS 0x0000000085a00000| PB 0x0000000085a00000| Untracked 
|  91|0x0000000085b00000, 0x0000000085b00000, 0x0000000085c00000|  0%| F|  |TAMS 0x0000000085b00000| PB 0x0000000085b00000| Untracked 
|  92|0x0000000085c00000, 0x0000000085c00000, 0x0000000085d00000|  0%| F|  |TAMS 0x0000000085c00000| PB 0x0000000085c00000| Untracked 
|  93|0x0000000085d00000, 0x0000000085d00000, 0x0000000085e00000|  0%| F|  |TAMS 0x0000000085d00000| PB 0x0000000085d00000| Untracked 
|  94|0x0000000085e00000, 0x0000000085e00000, 0x0000000085f00000|  0%| F|  |TAMS 0x0000000085e00000| PB 0x0000000085e00000| Untracked 
|  95|0x0000000085f00000, 0x0000000085f00000, 0x0000000086000000|  0%| F|  |TAMS 0x0000000085f00000| PB 0x0000000085f00000| Untracked 
|  96|0x0000000086000000, 0x0000000086000000, 0x0000000086100000|  0%| F|  |TAMS 0x0000000086000000| PB 0x0000000086000000| Untracked 
|  97|0x0000000086100000, 0x0000000086100000, 0x0000000086200000|  0%| F|  |TAMS 0x0000000086100000| PB 0x0000000086100000| Untracked 
|  98|0x0000000086200000, 0x0000000086200000, 0x0000000086300000|  0%| F|  |TAMS 0x0000000086200000| PB 0x0000000086200000| Untracked 
|  99|0x0000000086300000, 0x0000000086300000, 0x0000000086400000|  0%| F|  |TAMS 0x0000000086300000| PB 0x0000000086300000| Untracked 
| 100|0x0000000086400000, 0x0000000086400000, 0x0000000086500000|  0%| F|  |TAMS 0x0000000086400000| PB 0x0000000086400000| Untracked 
| 101|0x0000000086500000, 0x0000000086500000, 0x0000000086600000|  0%| F|  |TAMS 0x0000000086500000| PB 0x0000000086500000| Untracked 
| 102|0x0000000086600000, 0x0000000086600000, 0x0000000086700000|  0%| F|  |TAMS 0x0000000086600000| PB 0x0000000086600000| Untracked 
| 103|0x0000000086700000, 0x0000000086700000, 0x0000000086800000|  0%| F|  |TAMS 0x0000000086700000| PB 0x0000000086700000| Untracked 
| 104|0x0000000086800000, 0x0000000086800000, 0x0000000086900000|  0%| F|  |TAMS 0x0000000086800000| PB 0x0000000086800000| Untracked 
| 105|0x0000000086900000, 0x0000000086900000, 0x0000000086a00000|  0%| F|  |TAMS 0x0000000086900000| PB 0x0000000086900000| Untracked 
| 106|0x0000000086a00000, 0x0000000086a00000, 0x0000000086b00000|  0%| F|  |TAMS 0x0000000086a00000| PB 0x0000000086a00000| Untracked 
| 107|0x0000000086b00000, 0x0000000086b00000, 0x0000000086c00000|  0%| F|  |TAMS 0x0000000086b00000| PB 0x0000000086b00000| Untracked 
| 108|0x0000000086c00000, 0x0000000086c00000, 0x0000000086d00000|  0%| F|  |TAMS 0x0000000086c00000| PB 0x0000000086c00000| Untracked 
| 109|0x0000000086d00000, 0x0000000086d00000, 0x0000000086e00000|  0%| F|  |TAMS 0x0000000086d00000| PB 0x0000000086d00000| Untracked 
| 110|0x0000000086e00000, 0x0000000086f00000, 0x0000000086f00000|100%| S|CS|TAMS 0x0000000086e00000| PB 0x0000000086e00000| Complete 
| 111|0x0000000086f00000, 0x0000000087000000, 0x0000000087000000|100%| S|CS|TAMS 0x0000000086f00000| PB 0x0000000086f00000| Complete 
| 112|0x0000000087000000, 0x0000000087000000, 0x0000000087100000|  0%| F|  |TAMS 0x0000000087000000| PB 0x0000000087000000| Untracked 
| 113|0x0000000087100000, 0x0000000087100000, 0x0000000087200000|  0%| F|  |TAMS 0x0000000087100000| PB 0x0000000087100000| Untracked 
| 114|0x0000000087200000, 0x0000000087200000, 0x0000000087300000|  0%| F|  |TAMS 0x0000000087200000| PB 0x0000000087200000| Untracked 
| 115|0x0000000087300000, 0x0000000087300000, 0x0000000087400000|  0%| F|  |TAMS 0x0000000087300000| PB 0x0000000087300000| Untracked 
| 116|0x0000000087400000, 0x0000000087400000, 0x0000000087500000|  0%| F|  |TAMS 0x0000000087400000| PB 0x0000000087400000| Untracked 
| 117|0x0000000087500000, 0x0000000087500000, 0x0000000087600000|  0%| F|  |TAMS 0x0000000087500000| PB 0x0000000087500000| Untracked 
| 118|0x0000000087600000, 0x00000000876e13f0, 0x0000000087700000| 87%| E|  |TAMS 0x0000000087600000| PB 0x0000000087600000| Complete 
| 119|0x0000000087700000, 0x0000000087800000, 0x0000000087800000|100%| E|CS|TAMS 0x0000000087700000| PB 0x0000000087700000| Complete 
| 120|0x0000000087800000, 0x0000000087900000, 0x0000000087900000|100%| E|CS|TAMS 0x0000000087800000| PB 0x0000000087800000| Complete 
| 121|0x0000000087900000, 0x0000000087a00000, 0x0000000087a00000|100%| E|CS|TAMS 0x0000000087900000| PB 0x0000000087900000| Complete 
| 122|0x0000000087a00000, 0x0000000087b00000, 0x0000000087b00000|100%| E|CS|TAMS 0x0000000087a00000| PB 0x0000000087a00000| Complete 
| 123|0x0000000087b00000, 0x0000000087c00000, 0x0000000087c00000|100%| E|CS|TAMS 0x0000000087b00000| PB 0x0000000087b00000| Complete 
| 124|0x0000000087c00000, 0x0000000087d00000, 0x0000000087d00000|100%| E|CS|TAMS 0x0000000087c00000| PB 0x0000000087c00000| Complete 
| 125|0x0000000087d00000, 0x0000000087e00000, 0x0000000087e00000|100%| E|CS|TAMS 0x0000000087d00000| PB 0x0000000087d00000| Complete 
| 126|0x0000000087e00000, 0x0000000087f00000, 0x0000000087f00000|100%| E|CS|TAMS 0x0000000087e00000| PB 0x0000000087e00000| Complete 
| 127|0x0000000087f00000, 0x0000000088000000, 0x0000000088000000|100%| E|CS|TAMS 0x0000000087f00000| PB 0x0000000087f00000| Complete 

Card table byte_map: [0x000001b9f3550000,0x000001b9f3950000] _byte_map_base: 0x000001b9f3150000

Marking Bits: (CMBitMap*) 0x000001b9ef207860
 Bits: [0x000001b9f3950000, 0x000001b9f5950000)

Polling page: 0x000001b9ed240000

Metaspace:

Usage:
  Non-class:     10.72 MB used.
      Class:      1.39 MB used.
       Both:     12.11 MB used.

Virtual space:
  Non-class space:       64.00 MB reserved,      10.94 MB ( 17%) committed,  1 nodes.
      Class space:        1.00 GB reserved,       1.62 MB ( <1%) committed,  1 nodes.
             Both:        1.06 GB reserved,      12.56 MB (  1%) committed. 

Chunk freelists:
   Non-Class:  5.05 MB
       Class:  14.36 MB
        Both:  19.41 MB

MaxMetaspaceSize: unlimited
CompressedClassSpaceSize: 1.00 GB
Initial GC threshold: 21.00 MB
Current GC threshold: 21.00 MB
CDS: on
 - commit_granule_bytes: 65536.
 - commit_granule_words: 8192.
 - virtual_space_node_default_size: 8388608.
 - enlarge_chunks_in_place: 1.
 - use_allocation_guard: 0.


Internal statistics:

num_allocs_failed_limit: 0.
num_arena_births: 544.
num_arena_deaths: 0.
num_vsnodes_births: 2.
num_vsnodes_deaths: 0.
num_space_committed: 201.
num_space_uncommitted: 0.
num_chunks_returned_to_freelist: 0.
num_chunks_taken_from_freelist: 954.
num_chunk_merges: 0.
num_chunk_splits: 568.
num_chunks_enlarged: 243.
num_inconsistent_stats: 0.

CodeHeap 'non-profiled nmethods': size=120000Kb used=835Kb max_used=835Kb free=119164Kb
 bounds [0x000001b987ad0000, 0x000001b987d40000, 0x000001b98f000000]
CodeHeap 'profiled nmethods': size=120000Kb used=4314Kb max_used=4314Kb free=115685Kb
 bounds [0x000001b980000000, 0x000001b980440000, 0x000001b987530000]
CodeHeap 'non-nmethods': size=5760Kb used=1441Kb max_used=1519Kb free=4319Kb
 bounds [0x000001b987530000, 0x000001b9877a0000, 0x000001b987ad0000]
 total_blobs=2753 nmethods=2224 adapters=434
 compilation: enabled
              stopped_count=0, restarted_count=0
 full_count=0

Compilation events (20 events):
Event: 473.718 Thread 0x000001b9fc010470 nmethod 2214 0x000001b980430b10 code [0x000001b980430ca0, 0x000001b980430de0]
Event: 479.841 Thread 0x000001b9fc010470 2215       3       java.io.ObjectOutputStream::writeNonProxyDesc (109 bytes)
Event: 479.841 Thread 0x000001b9f7e2be60 2216       4       java.io.ObjectOutputStream$BlockDataOutputStream::getUTFLength (124 bytes)
Event: 479.843 Thread 0x000001b9fc010470 nmethod 2215 0x000001b980430e90 code [0x000001b980431180, 0x000001b980431f78]
Event: 479.853 Thread 0x000001b9f7e2be60 nmethod 2216 0x000001b987b9e090 code [0x000001b987b9e260, 0x000001b987b9eb08]
Event: 506.849 Thread 0x000001b9f7e2be60 2217       4       java.io.ObjectOutputStream$BlockDataOutputStream::writeBytes (144 bytes)
Event: 506.863 Thread 0x000001b9f7e2be60 nmethod 2217 0x000001b987b9f010 code [0x000001b987b9f1e0, 0x000001b987b9f928]
Event: 515.853 Thread 0x000001b9fc010470 2218       3       sun.rmi.server.MarshalOutputStream::annotateClass (9 bytes)
Event: 515.853 Thread 0x000001b9fc010470 nmethod 2218 0x000001b980432510 code [0x000001b9804326e0, 0x000001b980432a10]
Event: 515.853 Thread 0x000001b9fc010470 2219       3       java.rmi.server.RMIClassLoader::getClassAnnotation (8 bytes)
Event: 515.853 Thread 0x000001b9fc010470 nmethod 2219 0x000001b980432b90 code [0x000001b980432d40, 0x000001b980432ed0]
Event: 515.853 Thread 0x000001b9fc010470 2220       3       sun.rmi.server.MarshalOutputStream::writeLocation (6 bytes)
Event: 515.854 Thread 0x000001b9fc010470 nmethod 2220 0x000001b980432f90 code [0x000001b980433140, 0x000001b980433278]
Event: 515.854 Thread 0x000001b9fc010470 2221       3       java.rmi.server.RMIClassLoader$2::getClassAnnotation (5 bytes)
Event: 515.854 Thread 0x000001b9fc010470 nmethod 2221 0x000001b980433310 code [0x000001b9804334c0, 0x000001b9804335f8]
Event: 515.854 Thread 0x000001b9fc010470 2222   !   3       sun.rmi.server.LoaderHandler::getClassAnnotation (234 bytes)
Event: 515.854 Thread 0x000001b9f7e2be60 2223   !   4       java.io.BufferedInputStream::read (69 bytes)
Event: 515.856 Thread 0x000001b9fc010470 nmethod 2222 0x000001b980433690 code [0x000001b980433ac0, 0x000001b980435cf8]
Event: 515.860 Thread 0x000001b9f7e2be60 nmethod 2223 0x000001b987b9fe90 code [0x000001b987ba0080, 0x000001b987ba0550]
Event: 534.432 Thread 0x000001b9fc010470 2225       3       java.io.ObjectInputStream$FilterValues::<init> (33 bytes)

GC Heap History (4 events):
Event: 1.792 GC heap before
{Heap before GC invocations=0 (full 0):
 garbage-first heap   total 131072K, used 16384K [0x0000000080000000, 0x0000000100000000)
  region size 1024K, 13 young (13312K), 0 survivors (0K)
 Metaspace       used 4169K, committed 4416K, reserved 1114112K
  class space    used 527K, committed 640K, reserved 1048576K
}
Event: 1.802 GC heap after
{Heap after GC invocations=1 (full 0):
 garbage-first heap   total 131072K, used 7999K [0x0000000080000000, 0x0000000100000000)
  region size 1024K, 2 young (2048K), 2 survivors (2048K)
 Metaspace       used 4169K, committed 4416K, reserved 1114112K
  class space    used 527K, committed 640K, reserved 1048576K
}
Event: 9.996 GC heap before
{Heap before GC invocations=1 (full 0):
 garbage-first heap   total 131072K, used 21311K [0x0000000080000000, 0x0000000100000000)
  region size 1024K, 16 young (16384K), 2 survivors (2048K)
 Metaspace       used 10424K, committed 10816K, reserved 1114112K
  class space    used 1287K, committed 1472K, reserved 1048576K
}
Event: 10.009 GC heap after
{Heap after GC invocations=2 (full 0):
 garbage-first heap   total 131072K, used 10661K [0x0000000080000000, 0x0000000100000000)
  region size 1024K, 2 young (2048K), 2 survivors (2048K)
 Metaspace       used 10424K, committed 10816K, reserved 1114112K
  class space    used 1287K, committed 1472K, reserved 1048576K
}

Dll operation events (2 events):
Event: 0.030 Loaded shared library C:\Program Files\JetBrains\IntelliJ IDEA 2024.3.5\jbr\bin\java.dll
Event: 0.210 Loaded shared library C:\Program Files\JetBrains\IntelliJ IDEA 2024.3.5\jbr\bin\zip.dll

Deoptimization events (20 events):
Event: 11.777 Thread 0x000001b9fc6ae990 Uncommon trap: trap_request=0xffffffc6 fr.pc=0x000001b987b67078 relative=0x0000000000000d58
Event: 11.777 Thread 0x000001b9fc6ae990 Uncommon trap: reason=bimorphic_or_optimized_type_check action=maybe_recompile pc=0x000001b987b67078 method=java.util.HashMap.putVal(ILjava/lang/Object;Ljava/lang/Object;ZZ)Ljava/lang/Object; @ 56 c2
Event: 11.777 Thread 0x000001b9fc6ae990 DEOPT PACKING pc=0x000001b987b67078 sp=0x00000005a2afe880
Event: 11.777 Thread 0x000001b9fc6ae990 DEOPT UNPACKING pc=0x000001b98758469c sp=0x00000005a2afe7b0 mode 2
Event: 11.777 Thread 0x000001b9fc6ae990 Uncommon trap: trap_request=0xffffffc6 fr.pc=0x000001b987b67078 relative=0x0000000000000d58
Event: 11.777 Thread 0x000001b9fc6ae990 Uncommon trap: reason=bimorphic_or_optimized_type_check action=maybe_recompile pc=0x000001b987b67078 method=java.util.HashMap.putVal(ILjava/lang/Object;Ljava/lang/Object;ZZ)Ljava/lang/Object; @ 56 c2
Event: 11.777 Thread 0x000001b9fc6ae990 DEOPT PACKING pc=0x000001b987b67078 sp=0x00000005a2afe880
Event: 11.777 Thread 0x000001b9fc6ae990 DEOPT UNPACKING pc=0x000001b98758469c sp=0x00000005a2afe7b0 mode 2
Event: 11.777 Thread 0x000001b9fc6ae990 Uncommon trap: trap_request=0xffffffc6 fr.pc=0x000001b987b67078 relative=0x0000000000000d58
Event: 11.777 Thread 0x000001b9fc6ae990 Uncommon trap: reason=bimorphic_or_optimized_type_check action=maybe_recompile pc=0x000001b987b67078 method=java.util.HashMap.putVal(ILjava/lang/Object;Ljava/lang/Object;ZZ)Ljava/lang/Object; @ 56 c2
Event: 11.777 Thread 0x000001b9fc6ae990 DEOPT PACKING pc=0x000001b987b67078 sp=0x00000005a2afe880
Event: 11.777 Thread 0x000001b9fc6ae990 DEOPT UNPACKING pc=0x000001b98758469c sp=0x00000005a2afe7b0 mode 2
Event: 11.777 Thread 0x000001b9fc6ae990 Uncommon trap: trap_request=0xffffffc6 fr.pc=0x000001b987b68aa8 relative=0x0000000000000d28
Event: 11.777 Thread 0x000001b9fc6ae990 Uncommon trap: reason=bimorphic_or_optimized_type_check action=maybe_recompile pc=0x000001b987b68aa8 method=java.util.HashMap.putVal(ILjava/lang/Object;Ljava/lang/Object;ZZ)Ljava/lang/Object; @ 56 c2
Event: 11.777 Thread 0x000001b9fc6ae990 DEOPT PACKING pc=0x000001b987b68aa8 sp=0x00000005a2afe7e0
Event: 11.777 Thread 0x000001b9fc6ae990 DEOPT UNPACKING pc=0x000001b98758469c sp=0x00000005a2afe7a8 mode 2
Event: 11.843 Thread 0x000001b9fc6ae990 Uncommon trap: trap_request=0xffffff45 fr.pc=0x000001b987ad96f0 relative=0x0000000000000150
Event: 11.843 Thread 0x000001b9fc6ae990 Uncommon trap: reason=unstable_if action=reinterpret pc=0x000001b987ad96f0 method=java.lang.StringCoding.countPositives([BII)I @ 17 c2
Event: 11.843 Thread 0x000001b9fc6ae990 DEOPT PACKING pc=0x000001b987ad96f0 sp=0x00000005a2afe650
Event: 11.843 Thread 0x000001b9fc6ae990 DEOPT UNPACKING pc=0x000001b98758469c sp=0x00000005a2afe5f0 mode 2

Classes loaded (20 events):
Event: 10.197 Loading class java/net/UnknownHostException
Event: 10.197 Loading class java/net/UnknownHostException done
Event: 10.200 Loading class java/io/CharArrayReader
Event: 10.201 Loading class java/io/CharArrayReader done
Event: 10.358 Loading class java/nio/charset/CharacterCodingException
Event: 10.358 Loading class java/nio/charset/CharacterCodingException done
Event: 10.661 Loading class sun/invoke/util/ValueConversions$1
Event: 10.661 Loading class sun/invoke/util/ValueConversions$1 done
Event: 10.662 Loading class java/lang/invoke/BoundMethodHandle$Species_LI
Event: 10.662 Loading class java/lang/invoke/BoundMethodHandle$Species_LI done
Event: 10.683 Loading class java/util/AbstractList$ListItr
Event: 10.684 Loading class java/util/AbstractList$ListItr done
Event: 10.718 Loading class java/util/function/UnaryOperator
Event: 10.718 Loading class java/util/function/UnaryOperator done
Event: 11.294 Loading class java/util/Vector$1
Event: 11.295 Loading class java/util/Vector$1 done
Event: 11.842 Loading class java/util/DualPivotQuicksort
Event: 11.842 Loading class java/util/DualPivotQuicksort done
Event: 23.778 Loading class java/util/ArrayList$ListItr
Event: 23.778 Loading class java/util/ArrayList$ListItr done

Classes unloaded (0 events):
No events

Classes redefined (0 events):
No events

Internal exceptions (20 events):
Event: 9.844 Thread 0x000001b9fc6ae990 Exception <a 'java/lang/NoSuchMethodError'{0x0000000087364e30}: 'void java.lang.invoke.DirectMethodHandle$Holder.invokeVirtual(java.lang.Object, java.lang.Object)'> (0x0000000087364e30) 
thrown [s\src\hotspot\share\interpreter\linkResolver.cpp, line 784]
Event: 10.101 Thread 0x000001b9fc6ae990 Exception <a 'java/lang/NoSuchMethodError'{0x0000000087e053a8}: 'java.lang.Object java.lang.invoke.DirectMethodHandle$Holder.invokeStaticInit(java.lang.Object, java.lang.Object, java.lang.Object)'> (0x0000000087e053a8) 
thrown [s\src\hotspot\share\interpreter\linkResolver.cpp, line 784]
Event: 10.142 Thread 0x000001b9fc6ae990 Exception <a 'java/lang/NoSuchMethodError'{0x0000000087e5d1e0}: 'java.lang.Object java.lang.invoke.DirectMethodHandle$Holder.newInvokeSpecial(java.lang.Object, java.lang.Object, int)'> (0x0000000087e5d1e0) 
thrown [s\src\hotspot\share\interpreter\linkResolver.cpp, line 784]
Event: 10.327 Thread 0x000001b9fc6ae990 Exception <a 'java/lang/NoSuchMethodError'{0x0000000087ddb8c8}: 'java.lang.Object java.lang.invoke.DirectMethodHandle$Holder.invokeInterface(java.lang.Object, java.lang.Object, java.lang.Object)'> (0x0000000087ddb8c8) 
thrown [s\src\hotspot\share\interpreter\linkResolver.cpp, line 784]
Event: 10.361 Thread 0x000001b9fc6ae990 Exception <a 'java/lang/NoSuchMethodError'{0x0000000087df5388}: 'void java.lang.invoke.DirectMethodHandle$Holder.invokeInterface(java.lang.Object, java.lang.Object, java.lang.Object, java.lang.Object)'> (0x0000000087df5388) 
thrown [s\src\hotspot\share\interpreter\linkResolver.cpp, line 784]
Event: 10.362 Thread 0x000001b9fc6ae990 Exception <a 'java/lang/NoSuchMethodError'{0x0000000087df8fe8}: 'void java.lang.invoke.DirectMethodHandle$Holder.invokeSpecial(java.lang.Object, java.lang.Object, java.lang.Object, java.lang.Object, java.lang.Object)'> (0x0000000087df8fe8) 
thrown [s\src\hotspot\share\interpreter\linkResolver.cpp, line 784]
Event: 10.456 Thread 0x000001b9fc6ae990 Exception <a 'java/lang/NoSuchMethodError'{0x0000000087c0d810}: 'int java.lang.invoke.DirectMethodHandle$Holder.invokeInterface(java.lang.Object, java.lang.Object)'> (0x0000000087c0d810) 
thrown [s\src\hotspot\share\interpreter\linkResolver.cpp, line 784]
Event: 10.660 Thread 0x000001b9fc6ae990 Exception <a 'java/lang/NoSuchMethodError'{0x0000000087b98ae0}: 'int java.lang.invoke.DirectMethodHandle$Holder.invokeInterface(java.lang.Object, java.lang.Object, int)'> (0x0000000087b98ae0) 
thrown [s\src\hotspot\share\interpreter\linkResolver.cpp, line 784]
Event: 10.661 Thread 0x000001b9fc6ae990 Exception <a 'java/lang/NoSuchMethodError'{0x0000000087b9cf30}: 'int java.lang.invoke.DirectMethodHandle$Holder.invokeSpecial(java.lang.Object, java.lang.Object, java.lang.Object, int)'> (0x0000000087b9cf30) 
thrown [s\src\hotspot\share\interpreter\linkResolver.cpp, line 784]
Event: 10.669 Thread 0x000001b9fc6ae990 Exception <a 'java/lang/NoSuchMethodError'{0x0000000087baf1d0}: 'java.lang.Object java.lang.invoke.DirectMethodHandle$Holder.invokeStatic(java.lang.Object, java.lang.Object, java.lang.Object, java.lang.Object, int)'> (0x0000000087baf1d0) 
thrown [s\src\hotspot\share\interpreter\linkResolver.cpp, line 784]
Event: 10.709 Thread 0x000001b9fc6ae990 Exception <a 'java/lang/NoSuchMethodError'{0x0000000087bda2b8}: 'void java.lang.invoke.DirectMethodHandle$Holder.invokeInterface(java.lang.Object, java.lang.Object, int)'> (0x0000000087bda2b8) 
thrown [s\src\hotspot\share\interpreter\linkResolver.cpp, line 784]
Event: 10.713 Thread 0x000001b9fc6ae990 Exception <a 'java/lang/NoSuchMethodError'{0x0000000087bde140}: 'void java.lang.invoke.DelegatingMethodHandle$Holder.reinvoke_L(java.lang.Object, java.lang.Object, int)'> (0x0000000087bde140) 
thrown [s\src\hotspot\share\interpreter\linkResolver.cpp, line 784]
Event: 11.221 Thread 0x000001b9fc6ae990 Exception <a 'java/lang/NoSuchMethodError'{0x00000000879df920}: 'java.lang.Object java.lang.invoke.DirectMethodHandle$Holder.invokeInterface(java.lang.Object, java.lang.Object, int)'> (0x00000000879df920) 
thrown [s\src\hotspot\share\interpreter\linkResolver.cpp, line 784]
Event: 11.270 Thread 0x000001b9fc6ae990 Exception <a 'java/lang/NoSuchMethodError'{0x000000008782c658}: static [Ljava/lang/Object;.<clinit>()V> (0x000000008782c658) 
thrown [s\src\hotspot\share\prims\jni.cpp, line 1135]
Event: 11.292 Thread 0x000001b9fc6ae990 Exception <a 'java/lang/NoSuchMethodError'{0x0000000087838898}: 'void java.lang.invoke.DirectMethodHandle$Holder.invokeInterface(java.lang.Object, java.lang.Object)'> (0x0000000087838898) 
thrown [s\src\hotspot\share\interpreter\linkResolver.cpp, line 784]
Event: 11.827 Thread 0x000001b9fc6ae990 Exception <a 'java/lang/NoSuchMethodError'{0x00000000878bf408}: 'int java.lang.invoke.DirectMethodHandle$Holder.invokeInterface(java.lang.Object, java.lang.Object, int, int)'> (0x00000000878bf408) 
thrown [s\src\hotspot\share\interpreter\linkResolver.cpp, line 784]
Event: 11.828 Thread 0x000001b9fc6ae990 Exception <a 'java/lang/NoSuchMethodError'{0x00000000878c62a0}: 'int java.lang.invoke.DelegatingMethodHandle$Holder.reinvoke_L(java.lang.Object, java.lang.Object, int, int)'> (0x00000000878c62a0) 
thrown [s\src\hotspot\share\interpreter\linkResolver.cpp, line 784]
Event: 11.839 Thread 0x000001b9fc6ae990 Exception <a 'java/lang/NoSuchMethodError'{0x00000000878dd178}: static Lcom/intellij/database/remote/jdbc/RemoteResultSet$DataRetrievingOptions;.<clinit>()V> (0x00000000878dd178) 
thrown [s\src\hotspot\share\prims\jni.cpp, line 1135]
Event: 308.729 Thread 0x000001b9fc6af020 Exception <a 'java/lang/NoSuchMethodError'{0x000000008767ea20}: 'java.lang.Object java.lang.invoke.DirectMethodHandle$Holder.invokeSpecial(java.lang.Object, java.lang.Object, int, java.lang.Object, long)'> (0x000000008767ea20) 
thrown [s\src\hotspot\share\interpreter\linkResolver.cpp, line 784]
Event: 308.730 Thread 0x000001b9fc6af020 Exception <a 'java/lang/NoSuchMethodError'{0x00000000876857d8}: 'java.lang.Object java.lang.invoke.DirectMethodHandle$Holder.newInvokeSpecial(java.lang.Object, java.lang.Object, int, java.lang.Object, long)'> (0x00000000876857d8) 
thrown [s\src\hotspot\share\interpreter\linkResolver.cpp, line 784]

ZGC Phase Switch (0 events):
No events

VM Operations (20 events):
Event: 60.101 Executing VM operation: RendezvousGCThreads
Event: 60.101 Executing VM operation: RendezvousGCThreads done
Event: 129.137 Executing VM operation: Cleanup
Event: 129.137 Executing VM operation: Cleanup done
Event: 219.187 Executing VM operation: Cleanup
Event: 219.187 Executing VM operation: Cleanup done
Event: 255.203 Executing VM operation: Cleanup
Event: 255.203 Executing VM operation: Cleanup done
Event: 291.218 Executing VM operation: Cleanup
Event: 291.218 Executing VM operation: Cleanup done
Event: 309.225 Executing VM operation: Cleanup
Event: 309.225 Executing VM operation: Cleanup done
Event: 318.230 Executing VM operation: Cleanup
Event: 318.230 Executing VM operation: Cleanup done
Event: 372.253 Executing VM operation: Cleanup
Event: 372.253 Executing VM operation: Cleanup done
Event: 489.307 Executing VM operation: Cleanup
Event: 489.307 Executing VM operation: Cleanup done
Event: 525.325 Executing VM operation: Cleanup
Event: 525.325 Executing VM operation: Cleanup done

Memory protections (0 events):
No events

Nmethod flushes (0 events):
No events

Events (20 events):
Event: 9.417 Loaded shared library C:\Program Files\JetBrains\IntelliJ IDEA 2024.3.5\jbr\bin\management.dll
Event: 9.421 Loaded shared library C:\Program Files\JetBrains\IntelliJ IDEA 2024.3.5\jbr\bin\management_ext.dll
Event: 9.608 Loaded shared library C:\Program Files\JetBrains\IntelliJ IDEA 2024.3.5\jbr\bin\sunmscapi.dll
Event: 9.792 Thread 0x000001b9fc010470 Thread added: 0x000001b9fc745980
Event: 10.119 Thread 0x000001b9fc6ae990 Thread added: 0x000001b9fc6b0a60
Event: 10.966 Thread 0x000001b9fc745980 Thread exited: 0x000001b9fc745980
Event: 25.654 Thread 0x000001b9fc630350 Thread added: 0x000001b9fc6b10f0
Event: 25.654 Thread 0x000001b9fc630350 Thread added: 0x000001b9fc6af6b0
Event: 25.654 Thread 0x000001b9fc630350 Thread added: 0x000001b9fc6afd40
Event: 25.655 Thread 0x000001b9fc630350 Thread added: 0x000001b9fc6b1780
Event: 25.655 Thread 0x000001b9fc630350 Thread added: 0x000001b9fc6b03d0
Event: 25.655 Thread 0x000001b9fc630350 Thread added: 0x000001b9fc6b1e10
Event: 25.657 Thread 0x000001b9fc6afd40 Thread exited: 0x000001b9fc6afd40
Event: 25.657 Thread 0x000001b9fc6b10f0 Thread exited: 0x000001b9fc6b10f0
Event: 25.658 Thread 0x000001b9fc6af6b0 Thread exited: 0x000001b9fc6af6b0
Event: 25.658 Thread 0x000001b9fc6b1780 Thread exited: 0x000001b9fc6b1780
Event: 25.658 Thread 0x000001b9fc6b1e10 Thread exited: 0x000001b9fc6b1e10
Event: 25.660 Thread 0x000001b9fc6b03d0 Thread exited: 0x000001b9fc6b03d0
Event: 92.542 Thread 0x000001b9fc64da50 Thread exited: 0x000001b9fc64da50
Event: 92.578 Thread 0x000001b9fc6ae990 Thread exited: 0x000001b9fc6ae990


Dynamic libraries:
0x00007ff715dc0000 - 0x00007ff715dca000 	C:\Program Files\JetBrains\IntelliJ IDEA 2024.3.5\jbr\bin\java.exe
0x00007ffda8cd0000 - 0x00007ffda8ec8000 	C:\Windows\SYSTEM32\ntdll.dll
0x00007ffda7ef0000 - 0x00007ffda7fb2000 	C:\Windows\System32\KERNEL32.DLL
0x00007ffda6740000 - 0x00007ffda6a36000 	C:\Windows\System32\KERNELBASE.dll
0x00007ffda6640000 - 0x00007ffda6740000 	C:\Windows\System32\ucrtbase.dll
0x00007ffda35e0000 - 0x00007ffda35fb000 	C:\Program Files\JetBrains\IntelliJ IDEA 2024.3.5\jbr\bin\VCRUNTIME140.dll
0x00007ffd927d0000 - 0x00007ffd927e8000 	C:\Program Files\JetBrains\IntelliJ IDEA 2024.3.5\jbr\bin\jli.dll
0x00007ffda8070000 - 0x00007ffda820d000 	C:\Windows\System32\USER32.dll
0x00007ffda6a40000 - 0x00007ffda6a62000 	C:\Windows\System32\win32u.dll
0x00007ffda6cf0000 - 0x00007ffda6d1b000 	C:\Windows\System32\GDI32.dll
0x00007ffd93430000 - 0x00007ffd936ca000 	C:\Windows\WinSxS\amd64_microsoft.windows.common-controls_6595b64144ccf1df_6.0.19041.4355_none_60b8b9eb71f62e16\COMCTL32.dll
0x00007ffda7b70000 - 0x00007ffda7c0e000 	C:\Windows\System32\msvcrt.dll
0x00007ffda6b40000 - 0x00007ffda6c5a000 	C:\Windows\System32\gdi32full.dll
0x00007ffda65a0000 - 0x00007ffda663d000 	C:\Windows\System32\msvcp_win.dll
0x00007ffda7740000 - 0x00007ffda776f000 	C:\Windows\System32\IMM32.DLL
0x00007ffda3600000 - 0x00007ffda360c000 	C:\Program Files\JetBrains\IntelliJ IDEA 2024.3.5\jbr\bin\vcruntime140_1.dll
0x00007ffd7d810000 - 0x00007ffd7d89d000 	C:\Program Files\JetBrains\IntelliJ IDEA 2024.3.5\jbr\bin\msvcp140.dll
0x00007ffd6a3b0000 - 0x00007ffd6b171000 	C:\Program Files\JetBrains\IntelliJ IDEA 2024.3.5\jbr\bin\server\jvm.dll
0x00007ffda8be0000 - 0x00007ffda8c8f000 	C:\Windows\System32\ADVAPI32.dll
0x00007ffda7ad0000 - 0x00007ffda7b6f000 	C:\Windows\System32\sechost.dll
0x00007ffda7800000 - 0x00007ffda7923000 	C:\Windows\System32\RPCRT4.dll
0x00007ffda6570000 - 0x00007ffda6597000 	C:\Windows\System32\bcrypt.dll
0x00007ffda8210000 - 0x00007ffda827b000 	C:\Windows\System32\WS2_32.dll
0x00007ffda58a0000 - 0x00007ffda58eb000 	C:\Windows\SYSTEM32\POWRPROF.dll
0x00007ffd92660000 - 0x00007ffd92687000 	C:\Windows\SYSTEM32\WINMM.dll
0x00007ffd9ea90000 - 0x00007ffd9ea9a000 	C:\Windows\SYSTEM32\VERSION.dll
0x00007ffda5740000 - 0x00007ffda5752000 	C:\Windows\SYSTEM32\UMPDC.dll
0x00007ffda4b40000 - 0x00007ffda4b52000 	C:\Windows\SYSTEM32\kernel.appcore.dll
0x00007ffda35d0000 - 0x00007ffda35da000 	C:\Program Files\JetBrains\IntelliJ IDEA 2024.3.5\jbr\bin\jimage.dll
0x00007ffda4090000 - 0x00007ffda4274000 	C:\Windows\SYSTEM32\DBGHELP.DLL
0x00007ffd90d20000 - 0x00007ffd90d54000 	C:\Windows\SYSTEM32\dbgcore.DLL
0x00007ffda6c60000 - 0x00007ffda6ce2000 	C:\Windows\System32\bcryptPrimitives.dll
0x00007ffd95b40000 - 0x00007ffd95b60000 	C:\Program Files\JetBrains\IntelliJ IDEA 2024.3.5\jbr\bin\java.dll
0x00007ffda8350000 - 0x00007ffda8abf000 	C:\Windows\System32\SHELL32.dll
0x00007ffda4280000 - 0x00007ffda4a23000 	C:\Windows\SYSTEM32\windows.storage.dll
0x00007ffda73e0000 - 0x00007ffda7735000 	C:\Windows\System32\combase.dll
0x00007ffda5d90000 - 0x00007ffda5dbb000 	C:\Windows\SYSTEM32\Wldp.dll
0x00007ffda8280000 - 0x00007ffda834d000 	C:\Windows\System32\OLEAUT32.dll
0x00007ffda8ac0000 - 0x00007ffda8b6d000 	C:\Windows\System32\SHCORE.dll
0x00007ffda7a70000 - 0x00007ffda7ac5000 	C:\Windows\System32\shlwapi.dll
0x00007ffda6290000 - 0x00007ffda62b5000 	C:\Windows\SYSTEM32\profapi.dll
0x00007ffd95980000 - 0x00007ffd95998000 	C:\Program Files\JetBrains\IntelliJ IDEA 2024.3.5\jbr\bin\zip.dll
0x00007ffda35c0000 - 0x00007ffda35d0000 	C:\Program Files\JetBrains\IntelliJ IDEA 2024.3.5\jbr\bin\net.dll
0x00007ffd9c3b0000 - 0x00007ffd9c4ba000 	C:\Windows\SYSTEM32\WINHTTP.dll
0x00007ffda5af0000 - 0x00007ffda5b5c000 	C:\Windows\system32\mswsock.dll
0x00007ffd95960000 - 0x00007ffd95976000 	C:\Program Files\JetBrains\IntelliJ IDEA 2024.3.5\jbr\bin\nio.dll
0x00007ffda5780000 - 0x00007ffda57bb000 	C:\Windows\SYSTEM32\IPHLPAPI.DLL
0x00007ffda8b70000 - 0x00007ffda8b78000 	C:\Windows\System32\NSI.dll
0x00007ffda5ce0000 - 0x00007ffda5cf8000 	C:\Windows\SYSTEM32\CRYPTSP.dll
0x00007ffda5360000 - 0x00007ffda5398000 	C:\Windows\system32\rsaenh.dll
0x00007ffda6250000 - 0x00007ffda627e000 	C:\Windows\SYSTEM32\USERENV.dll
0x00007ffda5d00000 - 0x00007ffda5d0c000 	C:\Windows\SYSTEM32\CRYPTBASE.dll
0x00007ffd95920000 - 0x00007ffd95929000 	C:\Program Files\JetBrains\IntelliJ IDEA 2024.3.5\jbr\bin\extnet.dll
0x00007ffd92850000 - 0x00007ffd92857000 	C:\Program Files\JetBrains\IntelliJ IDEA 2024.3.5\jbr\bin\rmi.dll
0x00007ffda57c0000 - 0x00007ffda588a000 	C:\Windows\SYSTEM32\DNSAPI.dll
0x000000006f700000 - 0x000000006f726000 	C:\Program Files\Bonjour\mdnsNSP.dll
0x00007ffd94f70000 - 0x00007ffd94f7a000 	C:\Windows\System32\rasadhlp.dll
0x00007ffd96ca0000 - 0x00007ffd96d20000 	C:\Windows\System32\fwpuclnt.dll
0x00007ffd95300000 - 0x00007ffd95309000 	C:\Program Files\JetBrains\IntelliJ IDEA 2024.3.5\jbr\bin\management.dll
0x00007ffd952f0000 - 0x00007ffd952fb000 	C:\Program Files\JetBrains\IntelliJ IDEA 2024.3.5\jbr\bin\management_ext.dll
0x00007ffda7930000 - 0x00007ffda7938000 	C:\Windows\System32\PSAPI.DLL
0x00007ffd95950000 - 0x00007ffd9595e000 	C:\Program Files\JetBrains\IntelliJ IDEA 2024.3.5\jbr\bin\sunmscapi.dll
0x00007ffda6410000 - 0x00007ffda656d000 	C:\Windows\System32\CRYPT32.dll
0x00007ffda5e00000 - 0x00007ffda5e27000 	C:\Windows\SYSTEM32\ncrypt.dll
0x00007ffda5dc0000 - 0x00007ffda5dfb000 	C:\Windows\SYSTEM32\NTASN1.dll

dbghelp: loaded successfully - version: 4.0.5 - missing functions: none
symbol engine: initialized successfully - sym options: 0x614 - pdb path: .;C:\Program Files\JetBrains\IntelliJ IDEA 2024.3.5\jbr\bin;C:\Windows\SYSTEM32;C:\Windows\WinSxS\amd64_microsoft.windows.common-controls_6595b64144ccf1df_6.0.19041.4355_none_60b8b9eb71f62e16;C:\Program Files\JetBrains\IntelliJ IDEA 2024.3.5\jbr\bin\server;C:\Program Files\Bonjour

VM Arguments:
jvm_args: -Djava.rmi.server.hostname=127.0.0.1 -Duser.timezone=UTC -Xmx2048m -Xms128m -Djdbc.classpath=C:\Users\Asus\AppData\Local\Temp\RemoteDriver7.classpath.txt --add-exports=java.desktop/sun.awt=ALL-UNNAMED --add-exports=java.desktop/java.awt.peer=ALL-UNNAMED --add-opens=java.desktop/java.awt=ALL-UNNAMED --add-opens=jdk.unsupported/sun.misc=ALL-UNNAMED --add-opens=java.base/java.nio=ALL-UNNAMED --add-opens=java.base/java.util=ALL-UNNAMED -Dfile.encoding=UTF-8 -Dsun.stdout.encoding=UTF-8 -Dsun.stderr.encoding=UTF-8 
java_command: com.intellij.database.remote.RemoteJdbcServer org.postgresql.Driver
java_class_path (initial): C:\Program Files\JetBrains\IntelliJ IDEA 2024.3.5\lib\util_rt.jar;C:\Program Files\JetBrains\IntelliJ IDEA 2024.3.5\lib\util-8.jar;C:\Program Files\JetBrains\IntelliJ IDEA 2024.3.5\lib\groovy.jar;C:\Program Files\JetBrains\IntelliJ IDEA 2024.3.5\plugins\DatabaseTools\lib\jdbc-console.jar;C:\Program Files\JetBrains\IntelliJ IDEA 2024.3.5\plugins\grid-core-impl\lib\jdbc-console-types.jar;C:\Program Files\JetBrains\IntelliJ IDEA 2024.3.5\lib\util.jar;C:\Program Files\JetBrains\IntelliJ IDEA 2024.3.5\lib\bouncy-castle.jar
Launcher Type: SUN_STANDARD

[Global flags]
     intx CICompilerCount                          = 3                                         {product} {ergonomic}
     uint ConcGCThreads                            = 1                                         {product} {ergonomic}
     uint G1ConcRefinementThreads                  = 4                                         {product} {ergonomic}
   size_t G1HeapRegionSize                         = 1048576                                   {product} {ergonomic}
    uintx GCDrainStackTargetSize                   = 64                                        {product} {ergonomic}
   size_t InitialHeapSize                          = 134217728                                 {product} {command line}
   size_t MarkStackSize                            = 4194304                                   {product} {ergonomic}
   size_t MaxHeapSize                              = 2147483648                                {product} {command line}
   size_t MaxNewSize                               = 1287651328                                {product} {ergonomic}
   size_t MinHeapDeltaBytes                        = 1048576                                   {product} {ergonomic}
   size_t MinHeapSize                              = 134217728                                 {product} {command line}
    uintx NonNMethodCodeHeapSize                   = 5832780                                {pd product} {ergonomic}
    uintx NonProfiledCodeHeapSize                  = 122912730                              {pd product} {ergonomic}
    uintx ProfiledCodeHeapSize                     = 122912730                              {pd product} {ergonomic}
    uintx ReservedCodeCacheSize                    = 251658240                              {pd product} {ergonomic}
     bool SegmentedCodeCache                       = true                                      {product} {ergonomic}
   size_t SoftMaxHeapSize                          = 2147483648                             {manageable} {ergonomic}
     bool UseCompressedOops                        = true                           {product lp64_product} {ergonomic}
     bool UseG1GC                                  = true                                      {product} {ergonomic}
     bool UseLargePagesIndividualAllocation        = false                                  {pd product} {ergonomic}

Logging:
Log output configuration:
 #0: stdout all=warning uptime,level,tags foldmultilines=false
 #1: stderr all=off uptime,level,tags foldmultilines=false

Environment Variables:
PATH=C:\Program Files\Python38\Scripts\;C:\Program Files\Python38\;C:\Program Files (x86)\Intel\Intel(R) Management Engine Components\iCLS\;C:\Program Files\Intel\Intel(R) Management Engine Components\iCLS\;C:\Windows\system32;C:\Windows;C:\Windows\System32\Wbem;C:\Windows\System32\WindowsPowerShell\v1.0\;C:\Windows\System32\OpenSSH\;C:\Program Files (x86)\Intel\Intel(R) Management Engine Components\DAL;C:\Program Files\Intel\Intel(R) Management Engine Components\DAL;C:\Program Files (x86)\Intel\Intel(R) Management Engine Components\IPT;C:\Program Files\Intel\Intel(R) Management Engine Components\IPT;C:\Program Files\Git\cmd;C:\Program Files (x86)\Windows Kits\10\Windows Performance Toolkit\;C:\Program Files\Docker\Docker\resources\bin;C:\Users\Asus\AppData\Local\Programs\Python\Python311\Scripts\;C:\Users\Asus\AppData\Local\Programs\Python\Python311\;C:\Users\Asus\AppData\Local\Microsoft\WindowsApps;C:\Program Files\JetBrains\PyCharm 2022.2.3\bin;;C:\Users\Asus\AppData\Local\Programs\Microsoft VS Code\bin;C:\Users\Asus\Desktop\winlibs-x86_64-posix-seh-gcc-14.2.0-mingw-w64ucrt-12.0.0-r2\mingw64\bin;
USERNAME=Asus
OS=Windows_NT
PROCESSOR_IDENTIFIER=Intel64 Family 6 Model 142 Stepping 10, GenuineIntel
TMP=C:\Users\Asus\AppData\Local\Temp
TEMP=C:\Users\Asus\AppData\Local\Temp




Periodic native trim disabled

JNI global refs:
JNI global refs: 17, weak refs: 0

JNI global refs memory usage: 835, weak refs: 201

Process memory usage:
Resident Set Size: 92048K (0% of 12463168K total physical memory with 879200K free physical memory)

OOME stack traces (most recent first):
Classloader memory used:
Loader bootstrap                                                                       : 7173K
Loader jdk.internal.loader.ClassLoaders$AppClassLoader                                 : 2932K
Loader com.intellij.database.remote.jdbc.impl.JdbcClassLoader$JdbcClassLoaderImpl      : 1737K
Loader jdk.internal.loader.ClassLoaders$PlatformClassLoader                            : 447K
Loader jdk.internal.reflect.DelegatingClassLoader                                      : 102K
Loader com.intellij.database.remote.jdbc.impl.JdbcClassLoader$1                        : 7400B

---------------  S Y S T E M  ---------------

OS:
 Windows 10 , 64 bit Build 19041 (10.0.19041.5678)
OS uptime: 0 days 0:17 hours
Hyper-V role detected

CPU: total 4 (initial active 4) (2 cores per cpu, 2 threads per core) family 6 model 142 stepping 10 microcode 0xb4, cx8, cmov, fxsr, ht, mmx, 3dnowpref, sse, sse2, sse3, ssse3, sse4.1, sse4.2, popcnt, lzcnt, tsc, tscinvbit, aes, erms, clmul, clflush, clflushopt, hv, rdtscp
Processor Information for the first 4 processors :
  Max Mhz: 2304, Current Mhz: 2304, Mhz Limit: 2304

Memory: 4k page, system-wide physical 12171M (858M free)
TotalPageFile size 12171M (AvailPageFile size 7M)
current process WorkingSet (physical memory assigned to process): 90M, peak: 128M
current process commit charge ("private bytes"): 221M, peak: 262M

vm_info: OpenJDK 64-Bit Server VM (21.0.6+8-b631.39) for windows-amd64 JRE (21.0.6+8-b631.39), built on 2025-02-04 by "builduser" with MS VC++ 16.10 / 16.11 (VS2019)

END.
