#
# There is insufficient memory for the Java Runtime Environment to continue.
# Native memory allocation (malloc) failed to allocate 32784 bytes. Error detail: Chunk::new
# Possible reasons:
#   The system is out of physical RAM or swap space
#   This process is running with CompressedOops enabled, and the Java Heap may be blocking the growth of the native heap
# Possible solutions:
#   Reduce memory load on the system
#   Increase physical memory or swap space
#   Check if swap backing store is full
#   Decrease Java heap size (-Xmx/-Xms)
#   Decrease number of Java threads
#   Decrease Java thread stack sizes (-Xss)
#   Set larger code cache with -XX:ReservedCodeCacheSize=
#   JVM is running with Zero Based Compressed Oops mode in which the Java heap is
#     placed in the first 32GB address space. The Java Heap base address is the
#     maximum limit for the native heap growth. Please use -XX:HeapBaseMinAddress
#     to set the Java Heap base and to place the Java Heap above 32GB virtual address.
# This output file may be truncated or incomplete.
#
#  Out of Memory Error (arena.cpp:168), pid=1848, tid=4984
#
# JRE version: OpenJDK Runtime Environment JBR-21.0.6+8-631.39-jcef (21.0.6+8) (build 21.0.6+8-b631.39)
# Java VM: OpenJDK 64-Bit Server VM JBR-21.0.6+8-631.39-jcef (21.0.6+8-b631.39, mixed mode, sharing, tiered, compressed oops, compressed class ptrs, g1 gc, windows-amd64)
# No core dump will be written. Minidumps are not enabled by default on client versions of Windows
#

---------------  S U M M A R Y ------------

Command Line: git4idea.http.GitAskPassApp Username for 'https://github.com': 

Host: Intel(R) Pentium(R) CPU 4417U @ 2.30GHz, 4 cores, 11G,  Windows 10 , 64 bit Build 19041 (10.0.19041.5678)
Time: Thu Apr 10 21:21:35 2025 RTZ 2 (s 10 , 64 bit Build 19041 (10.0.19041.5678) elapsed time: 2.551353 seconds (0d 0h 0m 2s)

---------------  T H R E A D  ---------------

Current thread (0x000001d27d1f9c50):  JavaThread "C2 CompilerThread0" daemon [_thread_in_native, id=4984, stack(0x0000007214800000,0x0000007214900000) (1024K)]


Current CompileTask:
C2:2551 1138       4       jdk.internal.org.objectweb.asm.SymbolTable::addConstantUtf8 (98 bytes)

Stack: [0x0000007214800000,0x0000007214900000]
Native frames: (J=compiled Java code, j=interpreted, Vv=VM code, C=native code)
V  [jvm.dll+0x6e5d39]
V  [jvm.dll+0x8c4133]
V  [jvm.dll+0x8c668e]
V  [jvm.dll+0x8c6d73]
V  [jvm.dll+0x288f76]
V  [jvm.dll+0xc66dd]
V  [jvm.dll+0xc6c13]
V  [jvm.dll+0xc6805]
V  [jvm.dll+0x6c058c]
V  [jvm.dll+0x66d025]
V  [jvm.dll+0x672fcb]
V  [jvm.dll+0x673e92]
V  [jvm.dll+0x67227e]
V  [jvm.dll+0x25063f]
V  [jvm.dll+0x24fd91]
V  [jvm.dll+0x1cd6c4]
V  [jvm.dll+0x25f60c]
V  [jvm.dll+0x25db56]
V  [jvm.dll+0x3ff756]
V  [jvm.dll+0x86bd48]
V  [jvm.dll+0x6e453d]
C  [ucrtbase.dll+0x21bb2]
C  [KERNEL32.DLL+0x17374]
C  [ntdll.dll+0x4cc91]


---------------  P R O C E S S  ---------------

Threads class SMR info:
_java_thread_list=0x000001d27dccd200, length=14, elements={
0x000001d261ed4bb0, 0x000001d27d1ea4c0, 0x000001d27d1eca70, 0x000001d27d1f44d0,
0x000001d27d1f4f20, 0x000001d27d1f6470, 0x000001d27d1f6ec0, 0x000001d27d1f9c50,
0x000001d27d1fe2f0, 0x000001d27d475ea0, 0x000001d27d47d6f0, 0x000001d27db3f250,
0x000001d27dbae020, 0x000001d27dc6e8b0
}

Java Threads: ( => current thread )
  0x000001d261ed4bb0 JavaThread "main"                              [_thread_blocked, id=5008, stack(0x0000007213a00000,0x0000007213b00000) (1024K)]
  0x000001d27d1ea4c0 JavaThread "Reference Handler"          daemon [_thread_blocked, id=9324, stack(0x0000007214200000,0x0000007214300000) (1024K)]
  0x000001d27d1eca70 JavaThread "Finalizer"                  daemon [_thread_blocked, id=10004, stack(0x0000007214300000,0x0000007214400000) (1024K)]
  0x000001d27d1f44d0 JavaThread "Signal Dispatcher"          daemon [_thread_blocked, id=10464, stack(0x0000007214400000,0x0000007214500000) (1024K)]
  0x000001d27d1f4f20 JavaThread "Attach Listener"            daemon [_thread_blocked, id=11280, stack(0x0000007214500000,0x0000007214600000) (1024K)]
  0x000001d27d1f6470 JavaThread "Service Thread"             daemon [_thread_blocked, id=8056, stack(0x0000007214600000,0x0000007214700000) (1024K)]
  0x000001d27d1f6ec0 JavaThread "Monitor Deflation Thread"   daemon [_thread_blocked, id=5076, stack(0x0000007214700000,0x0000007214800000) (1024K)]
=>0x000001d27d1f9c50 JavaThread "C2 CompilerThread0"         daemon [_thread_in_native, id=4984, stack(0x0000007214800000,0x0000007214900000) (1024K)]
  0x000001d27d1fe2f0 JavaThread "C1 CompilerThread0"         daemon [_thread_blocked, id=10768, stack(0x0000007214900000,0x0000007214a00000) (1024K)]
  0x000001d27d475ea0 JavaThread "Notification Thread"        daemon [_thread_blocked, id=12176, stack(0x0000007214a00000,0x0000007214b00000) (1024K)]
  0x000001d27d47d6f0 JavaThread "Common-Cleaner"             daemon [_thread_blocked, id=5168, stack(0x0000007214b00000,0x0000007214c00000) (1024K)]
  0x000001d27db3f250 JavaThread "HttpClient-1-SelectorManager" daemon [_thread_in_native, id=2412, stack(0x0000007214d00000,0x0000007214e00000) (1024K)]
  0x000001d27dbae020 JavaThread "HttpClient-1-Worker-0"      daemon [_thread_in_vm, id=5424, stack(0x0000007214e00000,0x0000007214f00000) (1024K)]
  0x000001d27dc6e8b0 JavaThread "HttpClient-1-Worker-1"      daemon [_thread_blocked, id=3528, stack(0x0000007215200000,0x0000007215300000) (1024K)]
Total: 14

Other Threads:
  0x000001d27d1d1bb0 VMThread "VM Thread"                           [id=9940, stack(0x0000007214100000,0x0000007214200000) (1024K)]
  0x000001d27d1bcf10 WatcherThread "VM Periodic Task Thread"        [id=6036, stack(0x0000007214000000,0x0000007214100000) (1024K)]
  0x000001d26426ff30 WorkerThread "GC Thread#0"                     [id=11484, stack(0x0000007213b00000,0x0000007213c00000) (1024K)]
  0x000001d27dd0fd60 WorkerThread "GC Thread#1"                     [id=3096, stack(0x0000007214f00000,0x0000007215000000) (1024K)]
  0x000001d27dd0b490 WorkerThread "GC Thread#2"                     [id=2324, stack(0x0000007215000000,0x0000007215100000) (1024K)]
  0x000001d27dd0b830 WorkerThread "GC Thread#3"                     [id=9108, stack(0x0000007215100000,0x0000007215200000) (1024K)]
  0x000001d26427cf10 ConcurrentGCThread "G1 Main Marker"            [id=12212, stack(0x0000007213c00000,0x0000007213d00000) (1024K)]
  0x000001d26427e1b0 WorkerThread "G1 Conc#0"                       [id=6756, stack(0x0000007213d00000,0x0000007213e00000) (1024K)]
  0x000001d2642ed320 ConcurrentGCThread "G1 Refine#0"               [id=10472, stack(0x0000007213e00000,0x0000007213f00000) (1024K)]
  0x000001d2642ede90 ConcurrentGCThread "G1 Service"                [id=2100, stack(0x0000007213f00000,0x0000007214000000) (1024K)]
Total: 10

Threads with active compile tasks:
C2 CompilerThread0  2609 1138       4       jdk.internal.org.objectweb.asm.SymbolTable::addConstantUtf8 (98 bytes)
Total: 1

VM state: not at safepoint (normal execution)

VM Mutex/Monitor currently owned by a thread:  ([mutex/lock_event])
[0x00007ff8d7aac830] Metaspace_lock - owner thread: 0x000001d27dbae020

Heap address: 0x0000000741c00000, size: 3044 MB, Compressed Oops mode: Zero based, Oop shift amount: 3

CDS archive(s) mapped at: [0x000001d200000000-0x000001d200d00000-0x000001d200d00000), size 13631488, SharedBaseAddress: 0x000001d200000000, ArchiveRelocationMode: 1.
Compressed class space mapped at: 0x000001d201000000-0x000001d241000000, reserved size: 1073741824
Narrow klass base: 0x000001d200000000, Narrow klass shift: 0, Narrow klass range: 0x100000000

GC Precious Log:
 CardTable entry size: 512
 Card Set container configuration: InlinePtr #cards 4 size 8 Array Of Cards #cards 16 size 48 Howl #buckets 8 coarsen threshold 3686 Howl Bitmap #cards 512 size 80 coarsen threshold 460 Card regions per heap region 1 cards per card region 4096
 CPUs: 4 total, 4 available
 Memory: 12171M
 Large Page Support: Disabled
 NUMA Support: Disabled
 Compressed Oops: Enabled (Zero based)
 Heap Region Size: 2M
 Heap Min Capacity: 8M
 Heap Initial Capacity: 192M
 Heap Max Capacity: 3044M
 Pre-touch: Disabled
 Parallel Workers: 4
 Concurrent Workers: 1
 Concurrent Refinement Workers: 4
 Periodic GC: Disabled

Heap:
 garbage-first heap   total 196608K, used 4284K [0x0000000741c00000, 0x0000000800000000)
  region size 2048K, 3 young (6144K), 1 survivors (2048K)
 Metaspace       used 8356K, committed 8576K, reserved 1114112K
  class space    used 963K, committed 1088K, reserved 1048576K

Heap Regions: E=young(eden), S=young(survivor), O=old, HS=humongous(starts), HC=humongous(continues), CS=collection set, F=free, TAMS=top-at-mark-start, PB=parsable bottom
|   0|0x0000000741c00000, 0x0000000741c2f010, 0x0000000741e00000|  9%| O|  |TAMS 0x0000000741c00000| PB 0x0000000741c00000| Untracked 
|   1|0x0000000741e00000, 0x0000000741e00000, 0x0000000742000000|  0%| F|  |TAMS 0x0000000741e00000| PB 0x0000000741e00000| Untracked 
|   2|0x0000000742000000, 0x0000000742000000, 0x0000000742200000|  0%| F|  |TAMS 0x0000000742000000| PB 0x0000000742000000| Untracked 
|   3|0x0000000742200000, 0x0000000742200000, 0x0000000742400000|  0%| F|  |TAMS 0x0000000742200000| PB 0x0000000742200000| Untracked 
|   4|0x0000000742400000, 0x0000000742400000, 0x0000000742600000|  0%| F|  |TAMS 0x0000000742400000| PB 0x0000000742400000| Untracked 
|   5|0x0000000742600000, 0x0000000742600000, 0x0000000742800000|  0%| F|  |TAMS 0x0000000742600000| PB 0x0000000742600000| Untracked 
|   6|0x0000000742800000, 0x0000000742800000, 0x0000000742a00000|  0%| F|  |TAMS 0x0000000742800000| PB 0x0000000742800000| Untracked 
|   7|0x0000000742a00000, 0x0000000742a00000, 0x0000000742c00000|  0%| F|  |TAMS 0x0000000742a00000| PB 0x0000000742a00000| Untracked 
|   8|0x0000000742c00000, 0x0000000742c00000, 0x0000000742e00000|  0%| F|  |TAMS 0x0000000742c00000| PB 0x0000000742c00000| Untracked 
|   9|0x0000000742e00000, 0x0000000742e00000, 0x0000000743000000|  0%| F|  |TAMS 0x0000000742e00000| PB 0x0000000742e00000| Untracked 
|  10|0x0000000743000000, 0x0000000743000000, 0x0000000743200000|  0%| F|  |TAMS 0x0000000743000000| PB 0x0000000743000000| Untracked 
|  11|0x0000000743200000, 0x0000000743200000, 0x0000000743400000|  0%| F|  |TAMS 0x0000000743200000| PB 0x0000000743200000| Untracked 
|  12|0x0000000743400000, 0x0000000743400000, 0x0000000743600000|  0%| F|  |TAMS 0x0000000743400000| PB 0x0000000743400000| Untracked 
|  13|0x0000000743600000, 0x0000000743600000, 0x0000000743800000|  0%| F|  |TAMS 0x0000000743600000| PB 0x0000000743600000| Untracked 
|  14|0x0000000743800000, 0x0000000743800000, 0x0000000743a00000|  0%| F|  |TAMS 0x0000000743800000| PB 0x0000000743800000| Untracked 
|  15|0x0000000743a00000, 0x0000000743a00000, 0x0000000743c00000|  0%| F|  |TAMS 0x0000000743a00000| PB 0x0000000743a00000| Untracked 
|  16|0x0000000743c00000, 0x0000000743c00000, 0x0000000743e00000|  0%| F|  |TAMS 0x0000000743c00000| PB 0x0000000743c00000| Untracked 
|  17|0x0000000743e00000, 0x0000000743e00000, 0x0000000744000000|  0%| F|  |TAMS 0x0000000743e00000| PB 0x0000000743e00000| Untracked 
|  18|0x0000000744000000, 0x0000000744000000, 0x0000000744200000|  0%| F|  |TAMS 0x0000000744000000| PB 0x0000000744000000| Untracked 
|  19|0x0000000744200000, 0x0000000744200000, 0x0000000744400000|  0%| F|  |TAMS 0x0000000744200000| PB 0x0000000744200000| Untracked 
|  20|0x0000000744400000, 0x0000000744400000, 0x0000000744600000|  0%| F|  |TAMS 0x0000000744400000| PB 0x0000000744400000| Untracked 
|  21|0x0000000744600000, 0x0000000744600000, 0x0000000744800000|  0%| F|  |TAMS 0x0000000744600000| PB 0x0000000744600000| Untracked 
|  22|0x0000000744800000, 0x0000000744800000, 0x0000000744a00000|  0%| F|  |TAMS 0x0000000744800000| PB 0x0000000744800000| Untracked 
|  23|0x0000000744a00000, 0x0000000744a00000, 0x0000000744c00000|  0%| F|  |TAMS 0x0000000744a00000| PB 0x0000000744a00000| Untracked 
|  24|0x0000000744c00000, 0x0000000744c00000, 0x0000000744e00000|  0%| F|  |TAMS 0x0000000744c00000| PB 0x0000000744c00000| Untracked 
|  25|0x0000000744e00000, 0x0000000744e00000, 0x0000000745000000|  0%| F|  |TAMS 0x0000000744e00000| PB 0x0000000744e00000| Untracked 
|  26|0x0000000745000000, 0x0000000745000000, 0x0000000745200000|  0%| F|  |TAMS 0x0000000745000000| PB 0x0000000745000000| Untracked 
|  27|0x0000000745200000, 0x0000000745200000, 0x0000000745400000|  0%| F|  |TAMS 0x0000000745200000| PB 0x0000000745200000| Untracked 
|  28|0x0000000745400000, 0x0000000745400000, 0x0000000745600000|  0%| F|  |TAMS 0x0000000745400000| PB 0x0000000745400000| Untracked 
|  29|0x0000000745600000, 0x0000000745600000, 0x0000000745800000|  0%| F|  |TAMS 0x0000000745600000| PB 0x0000000745600000| Untracked 
|  30|0x0000000745800000, 0x0000000745800000, 0x0000000745a00000|  0%| F|  |TAMS 0x0000000745800000| PB 0x0000000745800000| Untracked 
|  31|0x0000000745a00000, 0x0000000745a00000, 0x0000000745c00000|  0%| F|  |TAMS 0x0000000745a00000| PB 0x0000000745a00000| Untracked 
|  32|0x0000000745c00000, 0x0000000745c00000, 0x0000000745e00000|  0%| F|  |TAMS 0x0000000745c00000| PB 0x0000000745c00000| Untracked 
|  33|0x0000000745e00000, 0x0000000745e00000, 0x0000000746000000|  0%| F|  |TAMS 0x0000000745e00000| PB 0x0000000745e00000| Untracked 
|  34|0x0000000746000000, 0x0000000746000000, 0x0000000746200000|  0%| F|  |TAMS 0x0000000746000000| PB 0x0000000746000000| Untracked 
|  35|0x0000000746200000, 0x0000000746200000, 0x0000000746400000|  0%| F|  |TAMS 0x0000000746200000| PB 0x0000000746200000| Untracked 
|  36|0x0000000746400000, 0x0000000746400000, 0x0000000746600000|  0%| F|  |TAMS 0x0000000746400000| PB 0x0000000746400000| Untracked 
|  37|0x0000000746600000, 0x0000000746600000, 0x0000000746800000|  0%| F|  |TAMS 0x0000000746600000| PB 0x0000000746600000| Untracked 
|  38|0x0000000746800000, 0x0000000746800000, 0x0000000746a00000|  0%| F|  |TAMS 0x0000000746800000| PB 0x0000000746800000| Untracked 
|  39|0x0000000746a00000, 0x0000000746a00000, 0x0000000746c00000|  0%| F|  |TAMS 0x0000000746a00000| PB 0x0000000746a00000| Untracked 
|  40|0x0000000746c00000, 0x0000000746c00000, 0x0000000746e00000|  0%| F|  |TAMS 0x0000000746c00000| PB 0x0000000746c00000| Untracked 
|  41|0x0000000746e00000, 0x0000000746e00000, 0x0000000747000000|  0%| F|  |TAMS 0x0000000746e00000| PB 0x0000000746e00000| Untracked 
|  42|0x0000000747000000, 0x0000000747000000, 0x0000000747200000|  0%| F|  |TAMS 0x0000000747000000| PB 0x0000000747000000| Untracked 
|  43|0x0000000747200000, 0x0000000747200000, 0x0000000747400000|  0%| F|  |TAMS 0x0000000747200000| PB 0x0000000747200000| Untracked 
|  44|0x0000000747400000, 0x0000000747400000, 0x0000000747600000|  0%| F|  |TAMS 0x0000000747400000| PB 0x0000000747400000| Untracked 
|  45|0x0000000747600000, 0x0000000747600000, 0x0000000747800000|  0%| F|  |TAMS 0x0000000747600000| PB 0x0000000747600000| Untracked 
|  46|0x0000000747800000, 0x0000000747800000, 0x0000000747a00000|  0%| F|  |TAMS 0x0000000747800000| PB 0x0000000747800000| Untracked 
|  47|0x0000000747a00000, 0x0000000747a00000, 0x0000000747c00000|  0%| F|  |TAMS 0x0000000747a00000| PB 0x0000000747a00000| Untracked 
|  48|0x0000000747c00000, 0x0000000747c00000, 0x0000000747e00000|  0%| F|  |TAMS 0x0000000747c00000| PB 0x0000000747c00000| Untracked 
|  49|0x0000000747e00000, 0x0000000747e00000, 0x0000000748000000|  0%| F|  |TAMS 0x0000000747e00000| PB 0x0000000747e00000| Untracked 
|  50|0x0000000748000000, 0x0000000748000000, 0x0000000748200000|  0%| F|  |TAMS 0x0000000748000000| PB 0x0000000748000000| Untracked 
|  51|0x0000000748200000, 0x0000000748200000, 0x0000000748400000|  0%| F|  |TAMS 0x0000000748200000| PB 0x0000000748200000| Untracked 
|  52|0x0000000748400000, 0x0000000748400000, 0x0000000748600000|  0%| F|  |TAMS 0x0000000748400000| PB 0x0000000748400000| Untracked 
|  53|0x0000000748600000, 0x0000000748600000, 0x0000000748800000|  0%| F|  |TAMS 0x0000000748600000| PB 0x0000000748600000| Untracked 
|  54|0x0000000748800000, 0x0000000748800000, 0x0000000748a00000|  0%| F|  |TAMS 0x0000000748800000| PB 0x0000000748800000| Untracked 
|  55|0x0000000748a00000, 0x0000000748a00000, 0x0000000748c00000|  0%| F|  |TAMS 0x0000000748a00000| PB 0x0000000748a00000| Untracked 
|  56|0x0000000748c00000, 0x0000000748c00000, 0x0000000748e00000|  0%| F|  |TAMS 0x0000000748c00000| PB 0x0000000748c00000| Untracked 
|  57|0x0000000748e00000, 0x0000000748e00000, 0x0000000749000000|  0%| F|  |TAMS 0x0000000748e00000| PB 0x0000000748e00000| Untracked 
|  58|0x0000000749000000, 0x0000000749000000, 0x0000000749200000|  0%| F|  |TAMS 0x0000000749000000| PB 0x0000000749000000| Untracked 
|  59|0x0000000749200000, 0x0000000749200000, 0x0000000749400000|  0%| F|  |TAMS 0x0000000749200000| PB 0x0000000749200000| Untracked 
|  60|0x0000000749400000, 0x0000000749400000, 0x0000000749600000|  0%| F|  |TAMS 0x0000000749400000| PB 0x0000000749400000| Untracked 
|  61|0x0000000749600000, 0x0000000749600000, 0x0000000749800000|  0%| F|  |TAMS 0x0000000749600000| PB 0x0000000749600000| Untracked 
|  62|0x0000000749800000, 0x0000000749800000, 0x0000000749a00000|  0%| F|  |TAMS 0x0000000749800000| PB 0x0000000749800000| Untracked 
|  63|0x0000000749a00000, 0x0000000749a00000, 0x0000000749c00000|  0%| F|  |TAMS 0x0000000749a00000| PB 0x0000000749a00000| Untracked 
|  64|0x0000000749c00000, 0x0000000749c00000, 0x0000000749e00000|  0%| F|  |TAMS 0x0000000749c00000| PB 0x0000000749c00000| Untracked 
|  65|0x0000000749e00000, 0x0000000749e00000, 0x000000074a000000|  0%| F|  |TAMS 0x0000000749e00000| PB 0x0000000749e00000| Untracked 
|  66|0x000000074a000000, 0x000000074a000000, 0x000000074a200000|  0%| F|  |TAMS 0x000000074a000000| PB 0x000000074a000000| Untracked 
|  67|0x000000074a200000, 0x000000074a200000, 0x000000074a400000|  0%| F|  |TAMS 0x000000074a200000| PB 0x000000074a200000| Untracked 
|  68|0x000000074a400000, 0x000000074a400000, 0x000000074a600000|  0%| F|  |TAMS 0x000000074a400000| PB 0x000000074a400000| Untracked 
|  69|0x000000074a600000, 0x000000074a600000, 0x000000074a800000|  0%| F|  |TAMS 0x000000074a600000| PB 0x000000074a600000| Untracked 
|  70|0x000000074a800000, 0x000000074a800000, 0x000000074aa00000|  0%| F|  |TAMS 0x000000074a800000| PB 0x000000074a800000| Untracked 
|  71|0x000000074aa00000, 0x000000074aa00000, 0x000000074ac00000|  0%| F|  |TAMS 0x000000074aa00000| PB 0x000000074aa00000| Untracked 
|  72|0x000000074ac00000, 0x000000074ac00000, 0x000000074ae00000|  0%| F|  |TAMS 0x000000074ac00000| PB 0x000000074ac00000| Untracked 
|  73|0x000000074ae00000, 0x000000074ae00000, 0x000000074b000000|  0%| F|  |TAMS 0x000000074ae00000| PB 0x000000074ae00000| Untracked 
|  74|0x000000074b000000, 0x000000074b000000, 0x000000074b200000|  0%| F|  |TAMS 0x000000074b000000| PB 0x000000074b000000| Untracked 
|  75|0x000000074b200000, 0x000000074b200000, 0x000000074b400000|  0%| F|  |TAMS 0x000000074b200000| PB 0x000000074b200000| Untracked 
|  76|0x000000074b400000, 0x000000074b400000, 0x000000074b600000|  0%| F|  |TAMS 0x000000074b400000| PB 0x000000074b400000| Untracked 
|  77|0x000000074b600000, 0x000000074b600000, 0x000000074b800000|  0%| F|  |TAMS 0x000000074b600000| PB 0x000000074b600000| Untracked 
|  78|0x000000074b800000, 0x000000074b800000, 0x000000074ba00000|  0%| F|  |TAMS 0x000000074b800000| PB 0x000000074b800000| Untracked 
|  79|0x000000074ba00000, 0x000000074ba00000, 0x000000074bc00000|  0%| F|  |TAMS 0x000000074ba00000| PB 0x000000074ba00000| Untracked 
|  80|0x000000074bc00000, 0x000000074bc00000, 0x000000074be00000|  0%| F|  |TAMS 0x000000074bc00000| PB 0x000000074bc00000| Untracked 
|  81|0x000000074be00000, 0x000000074be00000, 0x000000074c000000|  0%| F|  |TAMS 0x000000074be00000| PB 0x000000074be00000| Untracked 
|  82|0x000000074c000000, 0x000000074c000000, 0x000000074c200000|  0%| F|  |TAMS 0x000000074c000000| PB 0x000000074c000000| Untracked 
|  83|0x000000074c200000, 0x000000074c200000, 0x000000074c400000|  0%| F|  |TAMS 0x000000074c200000| PB 0x000000074c200000| Untracked 
|  84|0x000000074c400000, 0x000000074c400000, 0x000000074c600000|  0%| F|  |TAMS 0x000000074c400000| PB 0x000000074c400000| Untracked 
|  85|0x000000074c600000, 0x000000074c600000, 0x000000074c800000|  0%| F|  |TAMS 0x000000074c600000| PB 0x000000074c600000| Untracked 
|  86|0x000000074c800000, 0x000000074c800000, 0x000000074ca00000|  0%| F|  |TAMS 0x000000074c800000| PB 0x000000074c800000| Untracked 
|  87|0x000000074ca00000, 0x000000074ca00000, 0x000000074cc00000|  0%| F|  |TAMS 0x000000074ca00000| PB 0x000000074ca00000| Untracked 
|  88|0x000000074cc00000, 0x000000074cc00000, 0x000000074ce00000|  0%| F|  |TAMS 0x000000074cc00000| PB 0x000000074cc00000| Untracked 
|  89|0x000000074ce00000, 0x000000074d000000, 0x000000074d000000|100%| S|CS|TAMS 0x000000074ce00000| PB 0x000000074ce00000| Complete 
|  90|0x000000074d000000, 0x000000074d000000, 0x000000074d200000|  0%| F|  |TAMS 0x000000074d000000| PB 0x000000074d000000| Untracked 
|  91|0x000000074d200000, 0x000000074d200000, 0x000000074d400000|  0%| F|  |TAMS 0x000000074d200000| PB 0x000000074d200000| Untracked 
|  92|0x000000074d400000, 0x000000074d400000, 0x000000074d600000|  0%| F|  |TAMS 0x000000074d400000| PB 0x000000074d400000| Untracked 
|  93|0x000000074d600000, 0x000000074d600000, 0x000000074d800000|  0%| F|  |TAMS 0x000000074d600000| PB 0x000000074d600000| Untracked 
|  94|0x000000074d800000, 0x000000074d89da80, 0x000000074da00000| 30%| E|  |TAMS 0x000000074d800000| PB 0x000000074d800000| Complete 
|  95|0x000000074da00000, 0x000000074dc00000, 0x000000074dc00000|100%| E|CS|TAMS 0x000000074da00000| PB 0x000000074da00000| Complete 

Card table byte_map: [0x000001d2777c0000,0x000001d277dc0000] _byte_map_base: 0x000001d273db2000

Marking Bits: (CMBitMap*) 0x000001d264270630
 Bits: [0x000001d277dc0000, 0x000001d27ad50000)

Polling page: 0x000001d261e90000

Metaspace:

Usage:
  Non-class:      7.22 MB used.
      Class:    963.99 KB used.
       Both:      8.16 MB used.

Virtual space:
  Non-class space:       64.00 MB reserved,       7.31 MB ( 11%) committed,  1 nodes.
      Class space:        1.00 GB reserved,       1.06 MB ( <1%) committed,  1 nodes.
             Both:        1.06 GB reserved,       8.38 MB ( <1%) committed. 

Chunk freelists:
   Non-Class:  8.39 MB
       Class:  14.98 MB
        Both:  23.37 MB

MaxMetaspaceSize: unlimited
CompressedClassSpaceSize: 1.00 GB
Initial GC threshold: 21.00 MB
Current GC threshold: 21.00 MB
CDS: on
 - commit_granule_bytes: 65536.
 - commit_granule_words: 8192.
 - virtual_space_node_default_size: 8388608.
 - enlarge_chunks_in_place: 1.
 - use_allocation_guard: 0.


Internal statistics:

num_allocs_failed_limit: 0.
num_arena_births: 226.
num_arena_deaths: 0.
num_vsnodes_births: 2.
num_vsnodes_deaths: 0.
num_space_committed: 134.
num_space_uncommitted: 0.
num_chunks_returned_to_freelist: 0.
num_chunks_taken_from_freelist: 372.
num_chunk_merges: 0.
num_chunk_splits: 222.
num_chunks_enlarged: 102.
num_inconsistent_stats: 0.

CodeHeap 'non-profiled nmethods': size=120000Kb used=430Kb max_used=430Kb free=119570Kb
 bounds [0x000001d26fc90000, 0x000001d26ff00000, 0x000001d2771c0000]
CodeHeap 'profiled nmethods': size=120000Kb used=1819Kb max_used=1819Kb free=118180Kb
 bounds [0x000001d2681c0000, 0x000001d268430000, 0x000001d26f6f0000]
CodeHeap 'non-nmethods': size=5760Kb used=1430Kb max_used=1477Kb free=4329Kb
 bounds [0x000001d26f6f0000, 0x000001d26f960000, 0x000001d26fc90000]
 total_blobs=1661 nmethods=1149 adapters=418
 compilation: enabled
              stopped_count=0, restarted_count=0
 full_count=0

Compilation events (20 events):
Event: 2.525 Thread 0x000001d27d1fe2f0 1141       3       java.lang.invoke.MethodHandles$Lookup::checkMethodName (45 bytes)
Event: 2.525 Thread 0x000001d27d1fe2f0 nmethod 1141 0x000001d268381910 code [0x000001d268381b60, 0x000001d268382228]
Event: 2.525 Thread 0x000001d27d1fe2f0 1142       3       java.lang.invoke.MethodHandleNatives::isCallerSensitive (29 bytes)
Event: 2.526 Thread 0x000001d27d1fe2f0 nmethod 1142 0x000001d268382510 code [0x000001d268382700, 0x000001d268382b28]
Event: 2.526 Thread 0x000001d27d1fe2f0 1143       3       java.lang.invoke.MethodHandleNatives::canBeCalledVirtual (49 bytes)
Event: 2.527 Thread 0x000001d27d1fe2f0 nmethod 1143 0x000001d268382c90 code [0x000001d268382e80, 0x000001d268383328]
Event: 2.527 Thread 0x000001d27d1fe2f0 1146       3       sun.security.ec.XECOperations::bitAt (23 bytes)
Event: 2.527 Thread 0x000001d27d1fe2f0 nmethod 1146 0x000001d268383490 code [0x000001d268383640, 0x000001d2683837d8]
Event: 2.527 Thread 0x000001d27d1fe2f0 1147       3       sun.security.util.math.intpoly.IntegerPolynomial25519::reduce (40 bytes)
Event: 2.527 Thread 0x000001d27d1fe2f0 nmethod 1147 0x000001d268383910 code [0x000001d268383ae0, 0x000001d268383de0]
Event: 2.527 Thread 0x000001d27d1fe2f0 1148       3       sun.security.util.math.intpoly.IntegerPolynomial25519::carryReduce (391 bytes)
Event: 2.528 Thread 0x000001d27d1fe2f0 nmethod 1148 0x000001d268383f90 code [0x000001d268384140, 0x000001d2683845a0]
Event: 2.530 Thread 0x000001d27d1fe2f0 1150       3       jdk.internal.misc.Unsafe::putIntUnaligned (79 bytes)
Event: 2.531 Thread 0x000001d27d1fe2f0 nmethod 1150 0x000001d268384790 code [0x000001d268384960, 0x000001d268384cf0]
Event: 2.533 Thread 0x000001d27d1fe2f0 1151       3       jdk.internal.misc.Unsafe::putIntUnaligned (14 bytes)
Event: 2.534 Thread 0x000001d27d1fe2f0 nmethod 1151 0x000001d268384e10 code [0x000001d268384fc0, 0x000001d268385200]
Event: 2.539 Thread 0x000001d27d1fe2f0 1152       3       sun.security.provider.SHA2::implCompress0 (448 bytes)
Event: 2.540 Thread 0x000001d27d1fe2f0 nmethod 1152 0x000001d268385310 code [0x000001d268385560, 0x000001d268386170]
Event: 2.542 Thread 0x000001d27d1fe2f0 1153       3       java.lang.invoke.LambdaForm$MH/0x000001d201001000::invoke (8 bytes)
Event: 2.542 Thread 0x000001d27d1fe2f0 nmethod 1153 0x000001d268386890 code [0x000001d268386a40, 0x000001d268386c98]

GC Heap History (2 events):
Event: 1.176 GC heap before
{Heap before GC invocations=0 (full 0):
 garbage-first heap   total 196608K, used 10240K [0x0000000741c00000, 0x0000000800000000)
  region size 2048K, 6 young (12288K), 0 survivors (0K)
 Metaspace       used 6631K, committed 6848K, reserved 1114112K
  class space    used 730K, committed 832K, reserved 1048576K
}
Event: 1.185 GC heap after
{Heap after GC invocations=1 (full 0):
 garbage-first heap   total 196608K, used 2236K [0x0000000741c00000, 0x0000000800000000)
  region size 2048K, 1 young (2048K), 1 survivors (2048K)
 Metaspace       used 6631K, committed 6848K, reserved 1114112K
  class space    used 730K, committed 832K, reserved 1048576K
}

Dll operation events (2 events):
Event: 0.017 Loaded shared library C:\Program Files\JetBrains\IntelliJ IDEA 2024.3.5\jbr\bin\java.dll
Event: 0.076 Loaded shared library C:\Program Files\JetBrains\IntelliJ IDEA 2024.3.5\jbr\bin\zip.dll

Deoptimization events (20 events):
Event: 2.525 Thread 0x000001d27dbae020 Uncommon trap: trap_request=0xffffff66 fr.pc=0x000001d26fcebb14 relative=0x00000000000002b4
Event: 2.525 Thread 0x000001d27dbae020 Uncommon trap: reason=speculate_class_check action=maybe_recompile pc=0x000001d26fcebb14 method=sun.security.util.math.intpoly.IntegerPolynomial.multByInt([JJ)V @ 26 c2
Event: 2.525 Thread 0x000001d27dbae020 DEOPT PACKING pc=0x000001d26fcebb14 sp=0x0000007214efe450
Event: 2.525 Thread 0x000001d27dbae020 DEOPT UNPACKING pc=0x000001d26f74469c sp=0x0000007214efe390 mode 2
Event: 2.525 Thread 0x000001d27dbae020 Uncommon trap: trap_request=0xffffffde fr.pc=0x000001d26fce8258 relative=0x0000000000000218
Event: 2.525 Thread 0x000001d27dbae020 Uncommon trap: reason=class_check action=maybe_recompile pc=0x000001d26fce8258 method=sun.security.util.math.intpoly.IntegerPolynomial.multByInt([JJ)V @ 26 c2
Event: 2.525 Thread 0x000001d27dbae020 DEOPT PACKING pc=0x000001d26fce8258 sp=0x0000007214efe3c0
Event: 2.525 Thread 0x000001d27dbae020 DEOPT UNPACKING pc=0x000001d26f74469c sp=0x0000007214efe390 mode 2
Event: 2.525 Thread 0x000001d27dbae020 Uncommon trap: trap_request=0xffffffde fr.pc=0x000001d26fce8258 relative=0x0000000000000218
Event: 2.526 Thread 0x000001d27dbae020 Uncommon trap: reason=class_check action=maybe_recompile pc=0x000001d26fce8258 method=sun.security.util.math.intpoly.IntegerPolynomial.multByInt([JJ)V @ 26 c2
Event: 2.526 Thread 0x000001d27dbae020 DEOPT PACKING pc=0x000001d26fce8258 sp=0x0000007214efe3c0
Event: 2.526 Thread 0x000001d27dbae020 DEOPT UNPACKING pc=0x000001d26f74469c sp=0x0000007214efe390 mode 2
Event: 2.526 Thread 0x000001d27dbae020 Uncommon trap: trap_request=0xffffffde fr.pc=0x000001d26fce8258 relative=0x0000000000000218
Event: 2.526 Thread 0x000001d27dbae020 Uncommon trap: reason=class_check action=maybe_recompile pc=0x000001d26fce8258 method=sun.security.util.math.intpoly.IntegerPolynomial.multByInt([JJ)V @ 26 c2
Event: 2.526 Thread 0x000001d27dbae020 DEOPT PACKING pc=0x000001d26fce8258 sp=0x0000007214efe3c0
Event: 2.526 Thread 0x000001d27dbae020 DEOPT UNPACKING pc=0x000001d26f74469c sp=0x0000007214efe390 mode 2
Event: 2.526 Thread 0x000001d27dbae020 Uncommon trap: trap_request=0xffffffde fr.pc=0x000001d26fce8258 relative=0x0000000000000218
Event: 2.526 Thread 0x000001d27dbae020 Uncommon trap: reason=class_check action=maybe_recompile pc=0x000001d26fce8258 method=sun.security.util.math.intpoly.IntegerPolynomial.multByInt([JJ)V @ 26 c2
Event: 2.526 Thread 0x000001d27dbae020 DEOPT PACKING pc=0x000001d26fce8258 sp=0x0000007214efe3c0
Event: 2.526 Thread 0x000001d27dbae020 DEOPT UNPACKING pc=0x000001d26f74469c sp=0x0000007214efe390 mode 2

Classes loaded (20 events):
Event: 2.541 Loading class sun/security/ssl/ChangeCipherSpec
Event: 2.541 Loading class sun/security/ssl/ChangeCipherSpec done
Event: 2.541 Loading class sun/security/ssl/ChangeCipherSpec$T10ChangeCipherSpecConsumer
Event: 2.541 Loading class sun/security/ssl/ChangeCipherSpec$T10ChangeCipherSpecConsumer done
Event: 2.541 Loading class sun/security/ssl/ChangeCipherSpec$T10ChangeCipherSpecProducer
Event: 2.542 Loading class sun/security/ssl/ChangeCipherSpec$T10ChangeCipherSpecProducer done
Event: 2.542 Loading class sun/security/ssl/ChangeCipherSpec$T13ChangeCipherSpecConsumer
Event: 2.542 Loading class sun/security/ssl/ChangeCipherSpec$T13ChangeCipherSpecConsumer done
Event: 2.545 Loading class javax/crypto/spec/GCMParameterSpec
Event: 2.545 Loading class javax/crypto/spec/GCMParameterSpec done
Event: 2.545 Loading class javax/crypto/NullCipher
Event: 2.545 Loading class javax/crypto/NullCipher done
Event: 2.545 Loading class com/sun/crypto/provider/GaloisCounterMode$GCMDecrypt
Event: 2.546 Loading class com/sun/crypto/provider/GaloisCounterMode$GCMEngine
Event: 2.546 Loading class com/sun/crypto/provider/GaloisCounterMode$GCMEngine done
Event: 2.546 Loading class com/sun/crypto/provider/GaloisCounterMode$GCMDecrypt done
Event: 2.546 Loading class com/sun/crypto/provider/GCTR
Event: 2.547 Loading class com/sun/crypto/provider/GCM
Event: 2.547 Loading class com/sun/crypto/provider/GCM done
Event: 2.547 Loading class com/sun/crypto/provider/CounterMode

Classes unloaded (0 events):
No events

Classes redefined (0 events):
No events

Internal exceptions (20 events):
Event: 0.731 Thread 0x000001d261ed4bb0 Exception <a 'java/lang/NoSuchMethodError'{0x000000074d40e880}: 'int java.lang.invoke.DirectMethodHandle$Holder.invokeStaticInit(java.lang.Object, long, long)'> (0x000000074d40e880) 
thrown [s\src\hotspot\share\interpreter\linkResolver.cpp, line 784]
Event: 0.732 Thread 0x000001d261ed4bb0 Exception <a 'java/lang/NoSuchMethodError'{0x000000074d415318}: 'int java.lang.invoke.DirectMethodHandle$Holder.invokeStaticInit(java.lang.Object, float, float)'> (0x000000074d415318) 
thrown [s\src\hotspot\share\interpreter\linkResolver.cpp, line 784]
Event: 0.734 Thread 0x000001d261ed4bb0 Exception <a 'java/lang/NoSuchMethodError'{0x000000074d41bda8}: 'int java.lang.invoke.DirectMethodHandle$Holder.invokeStaticInit(java.lang.Object, double, double)'> (0x000000074d41bda8) 
thrown [s\src\hotspot\share\interpreter\linkResolver.cpp, line 784]
Event: 0.735 Thread 0x000001d261ed4bb0 Exception <a 'java/lang/NoSuchMethodError'{0x000000074d420430}: 'int java.lang.invoke.DirectMethodHandle$Holder.invokeStatic(java.lang.Object, long)'> (0x000000074d420430) 
thrown [s\src\hotspot\share\interpreter\linkResolver.cpp, line 784]
Event: 0.751 Thread 0x000001d261ed4bb0 Exception <a 'java/lang/NoSuchMethodError'{0x000000074d44a448}: 'java.lang.Object java.lang.invoke.DirectMethodHandle$Holder.invokeSpecial(java.lang.Object, java.lang.Object, int, java.lang.Object, java.lang.Object)'> (0x000000074d44a448) 
thrown [s\src\hotspot\share\interpreter\linkResolver.cpp, line 784]
Event: 0.752 Thread 0x000001d261ed4bb0 Exception <a 'java/lang/NoSuchMethodError'{0x000000074d44ddd8}: 'java.lang.Object java.lang.invoke.DelegatingMethodHandle$Holder.delegate(java.lang.Object, int, java.lang.Object, java.lang.Object)'> (0x000000074d44ddd8) 
thrown [s\src\hotspot\share\interpreter\linkResolver.cpp, line 784]
Event: 0.757 Thread 0x000001d261ed4bb0 Exception <a 'java/lang/NoSuchMethodError'{0x000000074d45d0f8}: 'int java.lang.invoke.Invokers$Holder.linkToTargetMethod(java.lang.Object, java.lang.Object, java.lang.Object)'> (0x000000074d45d0f8) 
thrown [s\src\hotspot\share\interpreter\linkResolver.cpp, line 784]
Event: 0.764 Thread 0x000001d261ed4bb0 Exception <a 'java/lang/NoSuchMethodError'{0x000000074d48fcf8}: 'long java.lang.invoke.DirectMethodHandle$Holder.invokeSpecial(java.lang.Object, java.lang.Object)'> (0x000000074d48fcf8) 
thrown [s\src\hotspot\share\interpreter\linkResolver.cpp, line 784]
Event: 0.766 Thread 0x000001d261ed4bb0 Exception <a 'java/lang/NoSuchMethodError'{0x000000074d4965c8}: 'int java.lang.invoke.DirectMethodHandle$Holder.invokeStatic(java.lang.Object, java.lang.Object, java.lang.Object, java.lang.Object)'> (0x000000074d4965c8) 
thrown [s\src\hotspot\share\interpreter\linkResolver.cpp, line 784]
Event: 0.767 Thread 0x000001d261ed4bb0 Exception <a 'java/lang/NoSuchMethodError'{0x000000074d4999e8}: 'java.lang.Object java.lang.invoke.Invokers$Holder.invokeExact_MT(java.lang.Object, java.lang.Object, java.lang.Object, java.lang.Object, java.lang.Object, java.lang.Object)'> (0x000000074d4999e8) 
thrown [s\src\hotspot\share\interpreter\linkResolver.cpp, line 784]
Event: 0.997 Thread 0x000001d261ed4bb0 Exception <a 'java/lang/NoSuchMethodError'{0x000000074d2c0bd0}: 'java.lang.Object java.lang.invoke.DirectMethodHandle$Holder.newInvokeSpecial(java.lang.Object, java.lang.Object, java.lang.Object, java.lang.Object, java.lang.Object)'> (0x000000074d2c0bd0) 
thrown [s\src\hotspot\share\interpreter\linkResolver.cpp, line 784]
Event: 1.079 Thread 0x000001d261ed4bb0 Exception <a 'java/lang/NoSuchMethodError'{0x000000074d087a10}: 'java.lang.Object java.lang.invoke.DirectMethodHandle$Holder.invokeSpecial(java.lang.Object, java.lang.Object, java.lang.Object, java.lang.Object, int)'> (0x000000074d087a10) 
thrown [s\src\hotspot\share\interpreter\linkResolver.cpp, line 784]
Event: 1.079 Thread 0x000001d261ed4bb0 Exception <a 'java/lang/NoSuchMethodError'{0x000000074d08b608}: 'java.lang.Object java.lang.invoke.Invokers$Holder.linkToTargetMethod(java.lang.Object, java.lang.Object, int, java.lang.Object)'> (0x000000074d08b608) 
thrown [s\src\hotspot\share\interpreter\linkResolver.cpp, line 784]
Event: 1.100 Thread 0x000001d261ed4bb0 Exception <a 'java/lang/NoSuchMethodError'{0x000000074d0b9900}: 'void java.lang.invoke.DirectMethodHandle$Holder.invokeSpecial(java.lang.Object, java.lang.Object, java.lang.Object)'> (0x000000074d0b9900) 
thrown [s\src\hotspot\share\interpreter\linkResolver.cpp, line 784]
Event: 1.139 Thread 0x000001d27db3f250 Exception <a 'java/lang/NoSuchMethodError'{0x000000074d2e28c8}: 'void java.lang.invoke.DirectMethodHandle$Holder.invokeStatic(java.lang.Object, java.lang.Object, int)'> (0x000000074d2e28c8) 
thrown [s\src\hotspot\share\interpreter\linkResolver.cpp, line 784]
Event: 1.156 Thread 0x000001d27db3f250 Exception <a 'java/lang/NoSuchMethodError'{0x000000074d16e350}: 'void java.lang.invoke.DirectMethodHandle$Holder.invokeStatic(java.lang.Object, java.lang.Object)'> (0x000000074d16e350) 
thrown [s\src\hotspot\share\interpreter\linkResolver.cpp, line 784]
Event: 1.160 Thread 0x000001d261ed4bb0 Exception <a 'java/lang/NoSuchMethodError'{0x000000074d149a48}: 'void java.lang.invoke.DirectMethodHandle$Holder.invokeSpecial(java.lang.Object, java.lang.Object, java.lang.Object, java.lang.Object, java.lang.Object)'> (0x000000074d149a48) 
thrown [s\src\hotspot\share\interpreter\linkResolver.cpp, line 784]
Event: 1.172 Thread 0x000001d27dbae020 Exception <a 'java/lang/NoSuchMethodError'{0x000000074d1ef960}: 'void java.lang.invoke.DirectMethodHandle$Holder.invokeInterface(java.lang.Object, java.lang.Object, java.lang.Object)'> (0x000000074d1ef960) 
thrown [s\src\hotspot\share\interpreter\linkResolver.cpp, line 784]
Event: 1.204 Thread 0x000001d27dbae020 Exception <a 'java/lang/NoSuchMethodError'{0x000000074da733e0}: 'void java.lang.invoke.DirectMethodHandle$Holder.invokeVirtual(java.lang.Object, java.lang.Object)'> (0x000000074da733e0) 
thrown [s\src\hotspot\share\interpreter\linkResolver.cpp, line 784]
Event: 2.511 Thread 0x000001d27dbae020 Exception <a 'java/lang/NoSuchMethodError'{0x000000074d858920}: 'void java.lang.invoke.DirectMethodHandle$Holder.invokeInterface(java.lang.Object, java.lang.Object)'> (0x000000074d858920) 
thrown [s\src\hotspot\share\interpreter\linkResolver.cpp, line 784]

ZGC Phase Switch (0 events):
No events

VM Operations (14 events):
Event: 0.163 Executing VM operation: HandshakeAllThreads (Deoptimize)
Event: 0.163 Executing VM operation: HandshakeAllThreads (Deoptimize) done
Event: 0.183 Executing VM operation: HandshakeAllThreads (Deoptimize)
Event: 0.183 Executing VM operation: HandshakeAllThreads (Deoptimize) done
Event: 0.577 Executing VM operation: HandshakeAllThreads (Deoptimize)
Event: 0.577 Executing VM operation: HandshakeAllThreads (Deoptimize) done
Event: 1.145 Executing VM operation: HandshakeAllThreads (Deoptimize)
Event: 1.145 Executing VM operation: HandshakeAllThreads (Deoptimize) done
Event: 1.145 Executing VM operation: Cleanup
Event: 1.145 Executing VM operation: Cleanup done
Event: 1.176 Executing VM operation: G1CollectForAllocation (G1 Evacuation Pause)
Event: 1.185 Executing VM operation: G1CollectForAllocation (G1 Evacuation Pause) done
Event: 2.186 Executing VM operation: Cleanup
Event: 2.186 Executing VM operation: Cleanup done

Memory protections (0 events):
No events

Nmethod flushes (0 events):
No events

Events (20 events):
Event: 0.087 Thread 0x000001d261ed4bb0 Thread added: 0x000001d27d1f4f20
Event: 0.087 Thread 0x000001d261ed4bb0 Thread added: 0x000001d27d1f6470
Event: 0.087 Thread 0x000001d261ed4bb0 Thread added: 0x000001d27d1f6ec0
Event: 0.088 Thread 0x000001d261ed4bb0 Thread added: 0x000001d27d1f9c50
Event: 0.088 Thread 0x000001d261ed4bb0 Thread added: 0x000001d27d1fe2f0
Event: 0.128 Thread 0x000001d261ed4bb0 Thread added: 0x000001d27d475ea0
Event: 0.133 Thread 0x000001d261ed4bb0 Thread added: 0x000001d27d47d6f0
Event: 0.140 Loaded shared library C:\Program Files\JetBrains\IntelliJ IDEA 2024.3.5\jbr\bin\net.dll
Event: 0.144 Loaded shared library C:\Program Files\JetBrains\IntelliJ IDEA 2024.3.5\jbr\bin\nio.dll
Event: 0.152 Loaded shared library C:\Program Files\JetBrains\IntelliJ IDEA 2024.3.5\jbr\bin\zip.dll
Event: 0.302 Loaded shared library C:\Program Files\JetBrains\IntelliJ IDEA 2024.3.5\jbr\bin\jimage.dll
Event: 0.601 Thread 0x000001d27d1f9c50 Thread added: 0x000001d27d562770
Event: 0.842 Loaded shared library C:\Program Files\JetBrains\IntelliJ IDEA 2024.3.5\jbr\bin\sunmscapi.dll
Event: 0.969 Loaded shared library C:\Program Files\JetBrains\IntelliJ IDEA 2024.3.5\jbr\bin\extnet.dll
Event: 0.982 Thread 0x000001d261ed4bb0 Thread added: 0x000001d27db3f250
Event: 0.992 Thread 0x000001d27d562770 Thread exited: 0x000001d27d562770
Event: 1.155 Thread 0x000001d27db3f250 Thread added: 0x000001d27dbae020
Event: 1.221 Thread 0x000001d27db3f250 Thread added: 0x000001d27dc6e8b0
Event: 1.359 Thread 0x000001d27d1fe2f0 Thread added: 0x000001d27dc2d8c0
Event: 2.508 Thread 0x000001d27dc2d8c0 Thread exited: 0x000001d27dc2d8c0


Dynamic libraries:
0x00007ff628490000 - 0x00007ff62849a000 	C:\Program Files\JetBrains\IntelliJ IDEA 2024.3.5\jbr\bin\java.exe
0x00007ff915730000 - 0x00007ff915928000 	C:\Windows\SYSTEM32\ntdll.dll
0x00007ff913830000 - 0x00007ff9138f2000 	C:\Windows\System32\KERNEL32.DLL
0x00007ff9132e0000 - 0x00007ff9135d6000 	C:\Windows\System32\KERNELBASE.dll
0x00007ff913080000 - 0x00007ff913180000 	C:\Windows\System32\ucrtbase.dll
0x00007ff90ce00000 - 0x00007ff90ce18000 	C:\Program Files\JetBrains\IntelliJ IDEA 2024.3.5\jbr\bin\jli.dll
0x00007ff90cbb0000 - 0x00007ff90cbcb000 	C:\Program Files\JetBrains\IntelliJ IDEA 2024.3.5\jbr\bin\VCRUNTIME140.dll
0x00007ff9154e0000 - 0x00007ff91567d000 	C:\Windows\System32\USER32.dll
0x00007ff8fedd0000 - 0x00007ff8ff06a000 	C:\Windows\WinSxS\amd64_microsoft.windows.common-controls_6595b64144ccf1df_6.0.19041.4355_none_60b8b9eb71f62e16\COMCTL32.dll
0x00007ff913050000 - 0x00007ff913072000 	C:\Windows\System32\win32u.dll
0x00007ff915190000 - 0x00007ff91522e000 	C:\Windows\System32\msvcrt.dll
0x00007ff9153c0000 - 0x00007ff9153eb000 	C:\Windows\System32\GDI32.dll
0x00007ff913630000 - 0x00007ff91374a000 	C:\Windows\System32\gdi32full.dll
0x00007ff912e80000 - 0x00007ff912f1d000 	C:\Windows\System32\msvcp_win.dll
0x00007ff914f50000 - 0x00007ff914f7f000 	C:\Windows\System32\IMM32.DLL
0x00007ff90cc80000 - 0x00007ff90cc8c000 	C:\Program Files\JetBrains\IntelliJ IDEA 2024.3.5\jbr\bin\vcruntime140_1.dll
0x00007ff90ccb0000 - 0x00007ff90cd3d000 	C:\Program Files\JetBrains\IntelliJ IDEA 2024.3.5\jbr\bin\msvcp140.dll
0x00007ff8d6de0000 - 0x00007ff8d7ba1000 	C:\Program Files\JetBrains\IntelliJ IDEA 2024.3.5\jbr\bin\server\jvm.dll
0x00007ff914630000 - 0x00007ff9146df000 	C:\Windows\System32\ADVAPI32.dll
0x00007ff913c90000 - 0x00007ff913d2f000 	C:\Windows\System32\sechost.dll
0x00007ff915290000 - 0x00007ff9153b3000 	C:\Windows\System32\RPCRT4.dll
0x00007ff912dc0000 - 0x00007ff912de7000 	C:\Windows\System32\bcrypt.dll
0x00007ff914ee0000 - 0x00007ff914f4b000 	C:\Windows\System32\WS2_32.dll
0x00007ff9122d0000 - 0x00007ff91231b000 	C:\Windows\SYSTEM32\POWRPROF.dll
0x00007ff8ff8e0000 - 0x00007ff8ff907000 	C:\Windows\SYSTEM32\WINMM.dll
0x00007ff9096a0000 - 0x00007ff9096aa000 	C:\Windows\SYSTEM32\VERSION.dll
0x00007ff912190000 - 0x00007ff9121a2000 	C:\Windows\SYSTEM32\UMPDC.dll
0x00007ff9115a0000 - 0x00007ff9115b2000 	C:\Windows\SYSTEM32\kernel.appcore.dll
0x00007ff900f60000 - 0x00007ff900f6a000 	C:\Program Files\JetBrains\IntelliJ IDEA 2024.3.5\jbr\bin\jimage.dll
0x00007ff910980000 - 0x00007ff910b64000 	C:\Windows\SYSTEM32\DBGHELP.DLL
0x00007ff8fe280000 - 0x00007ff8fe2b4000 	C:\Windows\SYSTEM32\dbgcore.DLL
0x00007ff912df0000 - 0x00007ff912e72000 	C:\Windows\System32\bcryptPrimitives.dll
0x00007ff900f00000 - 0x00007ff900f20000 	C:\Program Files\JetBrains\IntelliJ IDEA 2024.3.5\jbr\bin\java.dll
0x00007ff9146e0000 - 0x00007ff914e4f000 	C:\Windows\System32\SHELL32.dll
0x00007ff910de0000 - 0x00007ff911583000 	C:\Windows\SYSTEM32\windows.storage.dll
0x00007ff913e50000 - 0x00007ff9141a5000 	C:\Windows\System32\combase.dll
0x00007ff9127f0000 - 0x00007ff91281b000 	C:\Windows\SYSTEM32\Wldp.dll
0x00007ff9153f0000 - 0x00007ff9154bd000 	C:\Windows\System32\OLEAUT32.dll
0x00007ff913b80000 - 0x00007ff913c2d000 	C:\Windows\System32\SHCORE.dll
0x00007ff915230000 - 0x00007ff915285000 	C:\Windows\System32\shlwapi.dll
0x00007ff912cf0000 - 0x00007ff912d15000 	C:\Windows\SYSTEM32\profapi.dll
0x00007ff900ee0000 - 0x00007ff900ef8000 	C:\Program Files\JetBrains\IntelliJ IDEA 2024.3.5\jbr\bin\zip.dll
0x00007ff9007c0000 - 0x00007ff9007d0000 	C:\Program Files\JetBrains\IntelliJ IDEA 2024.3.5\jbr\bin\net.dll
0x00007ff9096f0000 - 0x00007ff9097fa000 	C:\Windows\SYSTEM32\WINHTTP.dll
0x00007ff912550000 - 0x00007ff9125bc000 	C:\Windows\system32\mswsock.dll
0x00007ff9007a0000 - 0x00007ff9007b6000 	C:\Program Files\JetBrains\IntelliJ IDEA 2024.3.5\jbr\bin\nio.dll
0x00007ff912740000 - 0x00007ff912758000 	C:\Windows\SYSTEM32\CRYPTSP.dll
0x00007ff911dc0000 - 0x00007ff911df8000 	C:\Windows\system32\rsaenh.dll
0x00007ff912c70000 - 0x00007ff912c9e000 	C:\Windows\SYSTEM32\USERENV.dll
0x00007ff912760000 - 0x00007ff91276c000 	C:\Windows\SYSTEM32\CRYPTBASE.dll
0x00007ff9121c0000 - 0x00007ff9121fb000 	C:\Windows\SYSTEM32\IPHLPAPI.DLL
0x00007ff913ac0000 - 0x00007ff913ac8000 	C:\Windows\System32\NSI.dll
0x00007ff8ff5f0000 - 0x00007ff8ff5fe000 	C:\Program Files\JetBrains\IntelliJ IDEA 2024.3.5\jbr\bin\sunmscapi.dll
0x00007ff913180000 - 0x00007ff9132dd000 	C:\Windows\System32\CRYPT32.dll
0x00007ff912860000 - 0x00007ff912887000 	C:\Windows\SYSTEM32\ncrypt.dll
0x00007ff912820000 - 0x00007ff91285b000 	C:\Windows\SYSTEM32\NTASN1.dll
0x00007ff8fda00000 - 0x00007ff8fda07000 	C:\Windows\system32\wshunix.dll
0x00007ff8fd9f0000 - 0x00007ff8fd9f9000 	C:\Program Files\JetBrains\IntelliJ IDEA 2024.3.5\jbr\bin\extnet.dll

dbghelp: loaded successfully - version: 4.0.5 - missing functions: none
symbol engine: initialized successfully - sym options: 0x614 - pdb path: .;C:\Program Files\JetBrains\IntelliJ IDEA 2024.3.5\jbr\bin;C:\Windows\SYSTEM32;C:\Windows\WinSxS\amd64_microsoft.windows.common-controls_6595b64144ccf1df_6.0.19041.4355_none_60b8b9eb71f62e16;C:\Program Files\JetBrains\IntelliJ IDEA 2024.3.5\jbr\bin\server

VM Arguments:
java_command: git4idea.http.GitAskPassApp Username for 'https://github.com': 
java_class_path (initial): C:/Program Files/JetBrains/IntelliJ IDEA 2024.3.5/plugins/vcs-git/lib/git4idea-rt.jar;C:/Program Files/JetBrains/IntelliJ IDEA 2024.3.5/lib/externalProcess-rt.jar
Launcher Type: SUN_STANDARD

[Global flags]
     intx CICompilerCount                          = 3                                         {product} {ergonomic}
     uint ConcGCThreads                            = 1                                         {product} {ergonomic}
     uint G1ConcRefinementThreads                  = 4                                         {product} {ergonomic}
   size_t G1HeapRegionSize                         = 2097152                                   {product} {ergonomic}
    uintx GCDrainStackTargetSize                   = 64                                        {product} {ergonomic}
   size_t InitialHeapSize                          = 201326592                                 {product} {ergonomic}
   size_t MarkStackSize                            = 4194304                                   {product} {ergonomic}
   size_t MaxHeapSize                              = 3191865344                                {product} {ergonomic}
   size_t MaxNewSize                               = 1914699776                                {product} {ergonomic}
   size_t MinHeapDeltaBytes                        = 2097152                                   {product} {ergonomic}
   size_t MinHeapSize                              = 8388608                                   {product} {ergonomic}
    uintx NonNMethodCodeHeapSize                   = 5832780                                {pd product} {ergonomic}
    uintx NonProfiledCodeHeapSize                  = 122912730                              {pd product} {ergonomic}
    uintx ProfiledCodeHeapSize                     = 122912730                              {pd product} {ergonomic}
    uintx ReservedCodeCacheSize                    = 251658240                              {pd product} {ergonomic}
     bool SegmentedCodeCache                       = true                                      {product} {ergonomic}
   size_t SoftMaxHeapSize                          = 3191865344                             {manageable} {ergonomic}
     bool UseCompressedOops                        = true                           {product lp64_product} {ergonomic}
     bool UseG1GC                                  = true                                      {product} {ergonomic}
     bool UseLargePagesIndividualAllocation        = false                                  {pd product} {ergonomic}

Logging:
Log output configuration:
 #0: stdout all=warning uptime,level,tags foldmultilines=false
 #1: stderr all=off uptime,level,tags foldmultilines=false

Environment Variables:
PATH=C:\Program Files\Git\mingw64\libexec\git-core;C:\Program Files\Git\mingw64\libexec\git-core;C:\Program Files\Git\mingw64\bin;C:\Program Files\Git\usr\bin;C:\Users\Asus\bin;C:\Program Files\Python38\Scripts;C:\Program Files\Python38;C:\Program Files (x86)\Intel\Intel(R) Management Engine Components\iCLS;C:\Program Files\Intel\Intel(R) Management Engine Components\iCLS;C:\Windows\system32;C:\Windows;C:\Windows\System32\Wbem;C:\Windows\System32\WindowsPowerShell\v1.0;C:\Windows\System32\OpenSSH;C:\Program Files (x86)\Intel\Intel(R) Management Engine Components\DAL;C:\Program Files\Intel\Intel(R) Management Engine Components\DAL;C:\Program Files (x86)\Intel\Intel(R) Management Engine Components\IPT;C:\Program Files\Intel\Intel(R) Management Engine Components\IPT;C:\Program Files\Git\cmd;C:\Program Files (x86)\Windows Kits\10\Windows Performance Toolkit;C:\Program Files\Docker\Docker\resources\bin;C:\Users\Asus\AppData\Local\Programs\Python\Python311\Scripts;C:\Users\Asus\AppData\Local\Programs\Python\Python311;C:\Users\Asus\AppData\Local\Microsoft\WindowsApps;C:\Program Files\JetBrains\PyCharm 2022.2.3\bin;C:\Users\Asus\AppData\Local\Programs\Microsoft VS Code\bin;C:\Users\Asus\Desktop\winlibs-x86_64-posix-seh-gcc-14.2.0-mingw-w64ucrt-12.0.0-r2\mingw64\bin
USERNAME=Asus
DISPLAY=:0.0
LC_ALL=en_US.UTF-8
TERM=xterm-256color
TMPDIR=C:\Users\Asus\AppData\Local\Temp
OS=Windows_NT
PROCESSOR_IDENTIFIER=Intel64 Family 6 Model 142 Stepping 10, GenuineIntel
TMP=C:\Users\Asus\AppData\Local\Temp
TEMP=C:\Users\Asus\AppData\Local\Temp




Periodic native trim disabled

JNI global refs:
JNI global refs: 19, weak refs: 0

JNI global refs memory usage: 835, weak refs: 833

Process memory usage:
Resident Set Size: 82712K (0% of 12463168K total physical memory with 826868K free physical memory)

OOME stack traces (most recent first):
Classloader memory used:
